mode: atomic
github.com/BruteMors/marketplace-service/cart/cmd/cart/main.go:12.13,20.16 5 0
github.com/BruteMors/marketplace-service/cart/cmd/cart/main.go:20.16,22.3 1 0
github.com/BruteMors/marketplace-service/cart/cmd/cart/main.go:24.2,25.16 2 0
github.com/BruteMors/marketplace-service/cart/cmd/cart/main.go:25.16,27.3 1 0
github.com/BruteMors/marketplace-service/cart/internal/app/cart.go:19.53,23.16 3 0
github.com/BruteMors/marketplace-service/cart/internal/app/cart.go:23.16,25.3 1 0
github.com/BruteMors/marketplace-service/cart/internal/app/cart.go:27.2,27.15 1 0
github.com/BruteMors/marketplace-service/cart/internal/app/cart.go:30.31,31.15 1 0
github.com/BruteMors/marketplace-service/cart/internal/app/cart.go:31.15,34.3 2 0
github.com/BruteMors/marketplace-service/cart/internal/app/cart.go:36.2,39.12 3 0
github.com/BruteMors/marketplace-service/cart/internal/app/cart.go:39.12,43.17 3 0
github.com/BruteMors/marketplace-service/cart/internal/app/cart.go:43.17,45.4 1 0
github.com/BruteMors/marketplace-service/cart/internal/app/cart.go:48.2,50.12 2 0
github.com/BruteMors/marketplace-service/cart/internal/app/cart.go:53.55,60.26 2 0
github.com/BruteMors/marketplace-service/cart/internal/app/cart.go:60.26,62.17 2 0
github.com/BruteMors/marketplace-service/cart/internal/app/cart.go:62.17,64.4 1 0
github.com/BruteMors/marketplace-service/cart/internal/app/cart.go:67.2,67.12 1 0
github.com/BruteMors/marketplace-service/cart/internal/app/cart.go:70.55,72.16 2 0
github.com/BruteMors/marketplace-service/cart/internal/app/cart.go:72.16,74.3 1 0
github.com/BruteMors/marketplace-service/cart/internal/app/cart.go:76.2,76.12 1 0
github.com/BruteMors/marketplace-service/cart/internal/app/cart.go:79.64,82.2 2 0
github.com/BruteMors/marketplace-service/cart/internal/app/cart.go:84.61,101.2 9 0
github.com/BruteMors/marketplace-service/cart/internal/app/cart.go:103.41,107.16 3 0
github.com/BruteMors/marketplace-service/cart/internal/app/cart.go:107.16,109.3 1 0
github.com/BruteMors/marketplace-service/cart/internal/app/cart.go:111.2,111.12 1 0
github.com/BruteMors/marketplace-service/cart/internal/app/serviceprovider.go:30.44,32.2 1 0
github.com/BruteMors/marketplace-service/cart/internal/app/serviceprovider.go:34.71,35.25 1 0
github.com/BruteMors/marketplace-service/cart/internal/app/serviceprovider.go:35.25,37.17 2 0
github.com/BruteMors/marketplace-service/cart/internal/app/serviceprovider.go:37.17,39.4 1 0
github.com/BruteMors/marketplace-service/cart/internal/app/serviceprovider.go:41.3,41.21 1 0
github.com/BruteMors/marketplace-service/cart/internal/app/serviceprovider.go:44.2,44.21 1 0
github.com/BruteMors/marketplace-service/cart/internal/app/serviceprovider.go:47.80,48.25 1 0
github.com/BruteMors/marketplace-service/cart/internal/app/serviceprovider.go:48.25,50.17 2 0
github.com/BruteMors/marketplace-service/cart/internal/app/serviceprovider.go:50.17,52.4 1 0
github.com/BruteMors/marketplace-service/cart/internal/app/serviceprovider.go:54.3,55.17 2 0
github.com/BruteMors/marketplace-service/cart/internal/app/serviceprovider.go:55.17,57.4 1 0
github.com/BruteMors/marketplace-service/cart/internal/app/serviceprovider.go:59.3,60.17 2 0
github.com/BruteMors/marketplace-service/cart/internal/app/serviceprovider.go:60.17,62.4 1 0
github.com/BruteMors/marketplace-service/cart/internal/app/serviceprovider.go:64.3,65.17 2 0
github.com/BruteMors/marketplace-service/cart/internal/app/serviceprovider.go:65.17,67.4 1 0
github.com/BruteMors/marketplace-service/cart/internal/app/serviceprovider.go:69.3,69.62 1 0
github.com/BruteMors/marketplace-service/cart/internal/app/serviceprovider.go:72.2,72.21 1 0
github.com/BruteMors/marketplace-service/cart/internal/app/serviceprovider.go:75.92,76.29 1 0
github.com/BruteMors/marketplace-service/cart/internal/app/serviceprovider.go:76.29,78.17 2 0
github.com/BruteMors/marketplace-service/cart/internal/app/serviceprovider.go:78.17,80.4 1 0
github.com/BruteMors/marketplace-service/cart/internal/app/serviceprovider.go:82.3,86.4 1 0
github.com/BruteMors/marketplace-service/cart/internal/app/serviceprovider.go:88.2,88.25 1 0
github.com/BruteMors/marketplace-service/cart/internal/app/serviceprovider.go:91.76,92.24 1 0
github.com/BruteMors/marketplace-service/cart/internal/app/serviceprovider.go:92.24,94.3 1 0
github.com/BruteMors/marketplace-service/cart/internal/app/serviceprovider.go:96.2,96.20 1 0
github.com/BruteMors/marketplace-service/cart/internal/app/serviceprovider.go:99.88,100.29 1 0
github.com/BruteMors/marketplace-service/cart/internal/app/serviceprovider.go:100.29,102.3 1 0
github.com/BruteMors/marketplace-service/cart/internal/app/serviceprovider.go:104.2,104.25 1 0
github.com/BruteMors/marketplace-service/cart/internal/app/serviceprovider.go:107.81,108.26 1 0
github.com/BruteMors/marketplace-service/cart/internal/app/serviceprovider.go:108.26,114.3 1 0
github.com/BruteMors/marketplace-service/cart/internal/app/serviceprovider.go:116.2,116.22 1 0
github.com/BruteMors/marketplace-service/cart/internal/app/serviceprovider.go:119.74,120.26 1 0
github.com/BruteMors/marketplace-service/cart/internal/app/serviceprovider.go:120.26,125.3 1 0
github.com/BruteMors/marketplace-service/cart/internal/app/serviceprovider.go:127.2,127.22 1 0
github.com/BruteMors/marketplace-service/cart/internal/app/serviceprovider.go:130.78,131.26 1 0
github.com/BruteMors/marketplace-service/cart/internal/app/serviceprovider.go:131.26,133.17 2 0
github.com/BruteMors/marketplace-service/cart/internal/app/serviceprovider.go:133.17,135.4 1 0
github.com/BruteMors/marketplace-service/cart/internal/app/serviceprovider.go:136.3,136.25 1 0
github.com/BruteMors/marketplace-service/cart/internal/app/serviceprovider.go:139.2,139.22 1 0
github.com/BruteMors/marketplace-service/cart/internal/config/config.go:7.30,9.16 2 0
github.com/BruteMors/marketplace-service/cart/internal/config/config.go:9.16,11.3 1 0
github.com/BruteMors/marketplace-service/cart/internal/config/config.go:13.2,13.12 1 0
github.com/BruteMors/marketplace-service/cart/internal/config/http.go:22.55,24.20 2 0
github.com/BruteMors/marketplace-service/cart/internal/config/http.go:24.20,26.3 1 0
github.com/BruteMors/marketplace-service/cart/internal/config/http.go:28.2,29.20 2 0
github.com/BruteMors/marketplace-service/cart/internal/config/http.go:29.20,31.3 1 0
github.com/BruteMors/marketplace-service/cart/internal/config/http.go:33.2,36.8 1 0
github.com/BruteMors/marketplace-service/cart/internal/config/http.go:39.47,41.2 1 0
github.com/BruteMors/marketplace-service/cart/internal/config/http.go:49.55,51.23 2 0
github.com/BruteMors/marketplace-service/cart/internal/config/http.go:51.23,53.3 1 0
github.com/BruteMors/marketplace-service/cart/internal/config/http.go:55.2,56.23 2 0
github.com/BruteMors/marketplace-service/cart/internal/config/http.go:56.23,58.3 1 0
github.com/BruteMors/marketplace-service/cart/internal/config/http.go:60.2,61.26 2 0
github.com/BruteMors/marketplace-service/cart/internal/config/http.go:61.26,63.3 1 0
github.com/BruteMors/marketplace-service/cart/internal/config/http.go:65.2,69.8 1 0
github.com/BruteMors/marketplace-service/cart/internal/config/productservice.go:18.63,20.19 2 0
github.com/BruteMors/marketplace-service/cart/internal/config/productservice.go:20.19,22.3 1 0
github.com/BruteMors/marketplace-service/cart/internal/config/productservice.go:24.2,25.17 2 0
github.com/BruteMors/marketplace-service/cart/internal/config/productservice.go:25.17,27.3 1 0
github.com/BruteMors/marketplace-service/cart/internal/config/productservice.go:29.2,32.8 1 0
github.com/BruteMors/marketplace-service/cart/internal/controller/httpapi/errors.go:7.31,9.2 1 0
github.com/BruteMors/marketplace-service/cart/internal/controller/httpapi/errors.go:11.37,15.2 1 0
github.com/BruteMors/marketplace-service/cart/internal/controller/httpapi/utils/errresponse.go:10.84,16.16 5 0
github.com/BruteMors/marketplace-service/cart/internal/controller/httpapi/utils/errresponse.go:16.16,18.3 1 0
github.com/BruteMors/marketplace-service/cart/internal/controller/httpapi/utils/errresponse.go:20.2,21.16 2 0
github.com/BruteMors/marketplace-service/cart/internal/controller/httpapi/utils/errresponse.go:21.16,23.3 1 0
github.com/BruteMors/marketplace-service/cart/internal/controller/httpapi/utils/errresponse.go:25.2,25.12 1 0
github.com/BruteMors/marketplace-service/cart/internal/controller/httpapi/middleware/errors.go:16.84,17.43 1 0
github.com/BruteMors/marketplace-service/cart/internal/controller/httpapi/middleware/errors.go:17.43,18.76 1 0
github.com/BruteMors/marketplace-service/cart/internal/controller/httpapi/middleware/errors.go:18.76,30.4 3 0
github.com/BruteMors/marketplace-service/cart/internal/controller/httpapi/middleware/errors.go:32.3,38.17 5 0
github.com/BruteMors/marketplace-service/cart/internal/controller/httpapi/middleware/errors.go:38.17,40.4 1 0
github.com/BruteMors/marketplace-service/cart/internal/controller/httpapi/middleware/errors.go:42.3,43.17 2 0
github.com/BruteMors/marketplace-service/cart/internal/controller/httpapi/middleware/errors.go:43.17,45.4 1 0
github.com/BruteMors/marketplace-service/cart/internal/controller/httpapi/middleware/logger.go:9.52,10.71 1 0
github.com/BruteMors/marketplace-service/cart/internal/controller/httpapi/middleware/logger.go:10.71,21.3 2 0
github.com/BruteMors/marketplace-service/cart/internal/controller/httpapi/hanlders/cart/additem.go:19.84,26.16 5 0
github.com/BruteMors/marketplace-service/cart/internal/controller/httpapi/hanlders/cart/additem.go:26.16,28.3 1 0
github.com/BruteMors/marketplace-service/cart/internal/controller/httpapi/hanlders/cart/additem.go:30.2,31.16 2 0
github.com/BruteMors/marketplace-service/cart/internal/controller/httpapi/hanlders/cart/additem.go:31.16,33.3 1 0
github.com/BruteMors/marketplace-service/cart/internal/controller/httpapi/hanlders/cart/additem.go:35.2,36.33 2 0
github.com/BruteMors/marketplace-service/cart/internal/controller/httpapi/hanlders/cart/additem.go:36.33,38.26 2 0
github.com/BruteMors/marketplace-service/cart/internal/controller/httpapi/hanlders/cart/additem.go:38.26,46.4 1 0
github.com/BruteMors/marketplace-service/cart/internal/controller/httpapi/hanlders/cart/additem.go:49.2,49.16 1 0
github.com/BruteMors/marketplace-service/cart/internal/controller/httpapi/hanlders/cart/additem.go:49.16,51.3 1 0
github.com/BruteMors/marketplace-service/cart/internal/controller/httpapi/hanlders/cart/additem.go:53.2,54.16 2 0
github.com/BruteMors/marketplace-service/cart/internal/controller/httpapi/hanlders/cart/additem.go:54.16,56.3 1 0
github.com/BruteMors/marketplace-service/cart/internal/controller/httpapi/hanlders/cart/additem.go:58.2,59.16 2 0
github.com/BruteMors/marketplace-service/cart/internal/controller/httpapi/hanlders/cart/additem.go:59.16,61.3 1 0
github.com/BruteMors/marketplace-service/cart/internal/controller/httpapi/hanlders/cart/additem.go:63.2,64.16 2 0
github.com/BruteMors/marketplace-service/cart/internal/controller/httpapi/hanlders/cart/additem.go:64.16,65.48 1 0
github.com/BruteMors/marketplace-service/cart/internal/controller/httpapi/hanlders/cart/additem.go:65.48,67.18 2 0
github.com/BruteMors/marketplace-service/cart/internal/controller/httpapi/hanlders/cart/additem.go:67.18,69.5 1 0
github.com/BruteMors/marketplace-service/cart/internal/controller/httpapi/hanlders/cart/additem.go:70.4,70.14 1 0
github.com/BruteMors/marketplace-service/cart/internal/controller/httpapi/hanlders/cart/additem.go:72.3,72.13 1 0
github.com/BruteMors/marketplace-service/cart/internal/controller/httpapi/hanlders/cart/additem.go:75.2,78.16 3 0
github.com/BruteMors/marketplace-service/cart/internal/controller/httpapi/hanlders/cart/additem.go:78.16,80.3 1 0
github.com/BruteMors/marketplace-service/cart/internal/controller/httpapi/hanlders/cart/additem.go:82.2,83.16 2 0
github.com/BruteMors/marketplace-service/cart/internal/controller/httpapi/hanlders/cart/additem.go:83.16,85.3 1 0
github.com/BruteMors/marketplace-service/cart/internal/controller/httpapi/hanlders/cart/additem.go:87.2,87.12 1 0
github.com/BruteMors/marketplace-service/cart/internal/controller/httpapi/hanlders/cart/cart.go:26.12,31.2 1 0
github.com/BruteMors/marketplace-service/cart/internal/controller/httpapi/hanlders/cart/checkout.go:13.85,20.16 5 0
github.com/BruteMors/marketplace-service/cart/internal/controller/httpapi/hanlders/cart/checkout.go:20.16,22.3 1 0
github.com/BruteMors/marketplace-service/cart/internal/controller/httpapi/hanlders/cart/checkout.go:24.2,25.16 2 0
github.com/BruteMors/marketplace-service/cart/internal/controller/httpapi/hanlders/cart/checkout.go:25.16,27.3 1 0
github.com/BruteMors/marketplace-service/cart/internal/controller/httpapi/hanlders/cart/checkout.go:29.2,30.16 2 0
github.com/BruteMors/marketplace-service/cart/internal/controller/httpapi/hanlders/cart/checkout.go:30.16,32.3 1 0
github.com/BruteMors/marketplace-service/cart/internal/controller/httpapi/hanlders/cart/checkout.go:34.2,37.16 3 0
github.com/BruteMors/marketplace-service/cart/internal/controller/httpapi/hanlders/cart/checkout.go:37.16,39.3 1 0
github.com/BruteMors/marketplace-service/cart/internal/controller/httpapi/hanlders/cart/checkout.go:41.2,42.16 2 0
github.com/BruteMors/marketplace-service/cart/internal/controller/httpapi/hanlders/cart/checkout.go:42.16,44.3 1 0
github.com/BruteMors/marketplace-service/cart/internal/controller/httpapi/hanlders/cart/checkout.go:46.2,46.12 1 0
github.com/BruteMors/marketplace-service/cart/internal/controller/httpapi/hanlders/cart/deleteitem.go:11.87,18.16 5 0
github.com/BruteMors/marketplace-service/cart/internal/controller/httpapi/hanlders/cart/deleteitem.go:18.16,20.3 1 0
github.com/BruteMors/marketplace-service/cart/internal/controller/httpapi/hanlders/cart/deleteitem.go:22.2,23.16 2 0
github.com/BruteMors/marketplace-service/cart/internal/controller/httpapi/hanlders/cart/deleteitem.go:23.16,25.3 1 0
github.com/BruteMors/marketplace-service/cart/internal/controller/httpapi/hanlders/cart/deleteitem.go:27.2,28.16 2 0
github.com/BruteMors/marketplace-service/cart/internal/controller/httpapi/hanlders/cart/deleteitem.go:28.16,30.3 1 0
github.com/BruteMors/marketplace-service/cart/internal/controller/httpapi/hanlders/cart/deleteitem.go:32.2,33.16 2 0
github.com/BruteMors/marketplace-service/cart/internal/controller/httpapi/hanlders/cart/deleteitem.go:33.16,35.3 1 0
github.com/BruteMors/marketplace-service/cart/internal/controller/httpapi/hanlders/cart/deleteitem.go:37.2,39.12 2 0
github.com/BruteMors/marketplace-service/cart/internal/controller/httpapi/hanlders/cart/deleteitems.go:11.96,18.16 5 0
github.com/BruteMors/marketplace-service/cart/internal/controller/httpapi/hanlders/cart/deleteitems.go:18.16,20.3 1 0
github.com/BruteMors/marketplace-service/cart/internal/controller/httpapi/hanlders/cart/deleteitems.go:22.2,23.16 2 0
github.com/BruteMors/marketplace-service/cart/internal/controller/httpapi/hanlders/cart/deleteitems.go:23.16,25.3 1 0
github.com/BruteMors/marketplace-service/cart/internal/controller/httpapi/hanlders/cart/deleteitems.go:27.2,28.16 2 0
github.com/BruteMors/marketplace-service/cart/internal/controller/httpapi/hanlders/cart/deleteitems.go:28.16,30.3 1 0
github.com/BruteMors/marketplace-service/cart/internal/controller/httpapi/hanlders/cart/deleteitems.go:32.2,34.12 2 0
github.com/BruteMors/marketplace-service/cart/internal/controller/httpapi/hanlders/cart/getcart.go:15.84,22.16 5 0
github.com/BruteMors/marketplace-service/cart/internal/controller/httpapi/hanlders/cart/getcart.go:22.16,24.3 1 0
github.com/BruteMors/marketplace-service/cart/internal/controller/httpapi/hanlders/cart/getcart.go:26.2,27.16 2 0
github.com/BruteMors/marketplace-service/cart/internal/controller/httpapi/hanlders/cart/getcart.go:27.16,29.3 1 0
github.com/BruteMors/marketplace-service/cart/internal/controller/httpapi/hanlders/cart/getcart.go:31.2,32.16 2 0
github.com/BruteMors/marketplace-service/cart/internal/controller/httpapi/hanlders/cart/getcart.go:32.16,33.45 1 0
github.com/BruteMors/marketplace-service/cart/internal/controller/httpapi/hanlders/cart/getcart.go:33.45,36.4 2 0
github.com/BruteMors/marketplace-service/cart/internal/controller/httpapi/hanlders/cart/getcart.go:37.3,37.13 1 0
github.com/BruteMors/marketplace-service/cart/internal/controller/httpapi/hanlders/cart/getcart.go:40.2,42.34 2 0
github.com/BruteMors/marketplace-service/cart/internal/controller/httpapi/hanlders/cart/getcart.go:42.34,49.3 1 0
github.com/BruteMors/marketplace-service/cart/internal/controller/httpapi/hanlders/cart/getcart.go:51.2,57.16 3 0
github.com/BruteMors/marketplace-service/cart/internal/controller/httpapi/hanlders/cart/getcart.go:57.16,59.3 1 0
github.com/BruteMors/marketplace-service/cart/internal/controller/httpapi/hanlders/cart/getcart.go:61.2,62.16 2 0
github.com/BruteMors/marketplace-service/cart/internal/controller/httpapi/hanlders/cart/getcart.go:62.16,64.3 1 0
github.com/BruteMors/marketplace-service/cart/internal/controller/httpapi/hanlders/cart/getcart.go:66.2,66.12 1 0
github.com/BruteMors/marketplace-service/cart/internal/models/errors.go:7.31,9.2 1 0
github.com/BruteMors/marketplace-service/cart/internal/models/errors.go:11.37,15.2 1 0
github.com/BruteMors/marketplace-service/cart/pkg/lomsservice/client.go:23.35,25.20 2 0
github.com/BruteMors/marketplace-service/cart/pkg/lomsservice/client.go:25.20,27.3 1 0
github.com/BruteMors/marketplace-service/cart/pkg/lomsservice/client.go:29.2,30.20 2 0
github.com/BruteMors/marketplace-service/cart/pkg/lomsservice/client.go:30.20,32.3 1 0
github.com/BruteMors/marketplace-service/cart/pkg/lomsservice/client.go:34.2,37.16 3 0
github.com/BruteMors/marketplace-service/cart/pkg/lomsservice/client.go:37.16,39.3 1 0
github.com/BruteMors/marketplace-service/cart/pkg/lomsservice/client.go:41.2,44.73 3 0
github.com/BruteMors/marketplace-service/cart/pkg/lomsservice/ordercreate.go:10.104,14.35 2 0
github.com/BruteMors/marketplace-service/cart/pkg/lomsservice/ordercreate.go:14.35,19.3 1 0
github.com/BruteMors/marketplace-service/cart/pkg/lomsservice/ordercreate.go:21.2,27.16 3 0
github.com/BruteMors/marketplace-service/cart/pkg/lomsservice/ordercreate.go:27.16,29.3 1 0
github.com/BruteMors/marketplace-service/cart/pkg/lomsservice/ordercreate.go:31.2,31.30 1 0
github.com/BruteMors/marketplace-service/cart/pkg/lomsservice/stocksinfo.go:9.88,15.16 3 0
github.com/BruteMors/marketplace-service/cart/pkg/lomsservice/stocksinfo.go:15.16,17.3 1 0
github.com/BruteMors/marketplace-service/cart/pkg/lomsservice/stocksinfo.go:19.2,19.28 1 0
github.com/BruteMors/marketplace-service/cart/pkg/productservice/getproduct.go:15.105,24.16 4 0
github.com/BruteMors/marketplace-service/cart/pkg/productservice/getproduct.go:24.16,26.3 1 0
github.com/BruteMors/marketplace-service/cart/pkg/productservice/getproduct.go:28.2,29.16 2 0
github.com/BruteMors/marketplace-service/cart/pkg/productservice/getproduct.go:29.16,31.3 1 0
github.com/BruteMors/marketplace-service/cart/pkg/productservice/getproduct.go:33.2,38.16 4 0
github.com/BruteMors/marketplace-service/cart/pkg/productservice/getproduct.go:38.16,40.3 1 0
github.com/BruteMors/marketplace-service/cart/pkg/productservice/getproduct.go:41.2,41.33 1 0
github.com/BruteMors/marketplace-service/cart/pkg/productservice/getproduct.go:41.33,43.26 2 0
github.com/BruteMors/marketplace-service/cart/pkg/productservice/getproduct.go:43.26,51.4 1 0
github.com/BruteMors/marketplace-service/cart/pkg/productservice/getproduct.go:54.2,54.38 1 0
github.com/BruteMors/marketplace-service/cart/pkg/productservice/getproduct.go:54.38,55.45 1 0
github.com/BruteMors/marketplace-service/cart/pkg/productservice/getproduct.go:55.45,57.4 1 0
github.com/BruteMors/marketplace-service/cart/pkg/productservice/getproduct.go:58.3,58.63 1 0
github.com/BruteMors/marketplace-service/cart/pkg/productservice/getproduct.go:61.2,62.76 2 0
github.com/BruteMors/marketplace-service/cart/pkg/productservice/getproduct.go:62.76,64.3 1 0
github.com/BruteMors/marketplace-service/cart/pkg/productservice/getproduct.go:66.2,66.30 1 0
github.com/BruteMors/marketplace-service/cart/pkg/productservice/listskus.go:18.3,28.16 4 0
github.com/BruteMors/marketplace-service/cart/pkg/productservice/listskus.go:28.16,30.3 1 0
github.com/BruteMors/marketplace-service/cart/pkg/productservice/listskus.go:32.2,33.16 2 0
github.com/BruteMors/marketplace-service/cart/pkg/productservice/listskus.go:33.16,35.3 1 0
github.com/BruteMors/marketplace-service/cart/pkg/productservice/listskus.go:37.2,42.16 4 0
github.com/BruteMors/marketplace-service/cart/pkg/productservice/listskus.go:42.16,44.3 1 0
github.com/BruteMors/marketplace-service/cart/pkg/productservice/listskus.go:45.2,45.33 1 0
github.com/BruteMors/marketplace-service/cart/pkg/productservice/listskus.go:45.33,47.26 2 0
github.com/BruteMors/marketplace-service/cart/pkg/productservice/listskus.go:47.26,55.4 1 0
github.com/BruteMors/marketplace-service/cart/pkg/productservice/listskus.go:58.2,58.38 1 0
github.com/BruteMors/marketplace-service/cart/pkg/productservice/listskus.go:58.38,59.45 1 0
github.com/BruteMors/marketplace-service/cart/pkg/productservice/listskus.go:59.45,61.4 1 0
github.com/BruteMors/marketplace-service/cart/pkg/productservice/listskus.go:62.3,62.63 1 0
github.com/BruteMors/marketplace-service/cart/pkg/productservice/listskus.go:65.2,66.77 2 0
github.com/BruteMors/marketplace-service/cart/pkg/productservice/listskus.go:66.77,68.3 1 0
github.com/BruteMors/marketplace-service/cart/pkg/productservice/listskus.go:70.2,70.31 1 0
github.com/BruteMors/marketplace-service/cart/pkg/productservice/productservice.go:13.86,19.2 1 0
github.com/BruteMors/marketplace-service/cart/pkg/httpclient/httpclient.go:18.80,22.35 3 0
github.com/BruteMors/marketplace-service/cart/pkg/httpclient/httpclient.go:22.35,24.17 2 0
github.com/BruteMors/marketplace-service/cart/pkg/httpclient/httpclient.go:24.17,26.4 1 0
github.com/BruteMors/marketplace-service/cart/pkg/httpclient/httpclient.go:28.3,28.55 1 0
github.com/BruteMors/marketplace-service/cart/pkg/httpclient/httpclient.go:28.55,30.4 1 0
github.com/BruteMors/marketplace-service/cart/pkg/httpclient/httpclient.go:32.3,32.28 1 0
github.com/BruteMors/marketplace-service/cart/pkg/httpclient/httpclient.go:35.2,35.18 1 0
github.com/BruteMors/marketplace-service/cart/pkg/httpclient/httpclient.go:38.84,51.2 2 0
github.com/BruteMors/marketplace-service/cart/pkg/closer/closer.go:13.29,15.2 1 0
github.com/BruteMors/marketplace-service/cart/pkg/closer/closer.go:18.13,20.2 1 0
github.com/BruteMors/marketplace-service/cart/pkg/closer/closer.go:23.17,25.2 1 0
github.com/BruteMors/marketplace-service/cart/pkg/closer/closer.go:37.36,39.18 2 0
github.com/BruteMors/marketplace-service/cart/pkg/closer/closer.go:39.18,40.13 1 0
github.com/BruteMors/marketplace-service/cart/pkg/closer/closer.go:40.13,46.4 5 0
github.com/BruteMors/marketplace-service/cart/pkg/closer/closer.go:48.2,48.10 1 0
github.com/BruteMors/marketplace-service/cart/pkg/closer/closer.go:52.41,56.2 3 0
github.com/BruteMors/marketplace-service/cart/pkg/closer/closer.go:59.25,61.2 1 0
github.com/BruteMors/marketplace-service/cart/pkg/closer/closer.go:64.29,65.19 1 0
github.com/BruteMors/marketplace-service/cart/pkg/closer/closer.go:65.19,75.27 7 0
github.com/BruteMors/marketplace-service/cart/pkg/closer/closer.go:75.27,76.28 1 0
github.com/BruteMors/marketplace-service/cart/pkg/closer/closer.go:76.28,78.5 1 0
github.com/BruteMors/marketplace-service/cart/pkg/closer/closer.go:81.3,81.34 1 0
github.com/BruteMors/marketplace-service/cart/pkg/closer/closer.go:81.34,82.33 1 0
github.com/BruteMors/marketplace-service/cart/pkg/closer/closer.go:82.33,84.5 1 0
github.com/BruteMors/marketplace-service/cart/pkg/api/grpc/loms/v1/loms.pb.go:55.42,59.2 3 0
github.com/BruteMors/marketplace-service/cart/pkg/api/grpc/loms/v1/loms.pb.go:61.38,63.2 1 0
github.com/BruteMors/marketplace-service/cart/pkg/api/grpc/loms/v1/loms.pb.go:65.61,67.2 1 0
github.com/BruteMors/marketplace-service/cart/pkg/api/grpc/loms/v1/loms.pb.go:69.49,71.2 1 0
github.com/BruteMors/marketplace-service/cart/pkg/api/grpc/loms/v1/loms.pb.go:73.55,75.2 1 0
github.com/BruteMors/marketplace-service/cart/pkg/api/grpc/loms/v1/loms.pb.go:78.53,80.2 1 0
github.com/BruteMors/marketplace-service/cart/pkg/api/grpc/loms/v1/loms.pb.go:91.38,93.29 2 0
github.com/BruteMors/marketplace-service/cart/pkg/api/grpc/loms/v1/loms.pb.go:93.29,97.3 3 0
github.com/BruteMors/marketplace-service/cart/pkg/api/grpc/loms/v1/loms.pb.go:100.46,102.2 1 0
github.com/BruteMors/marketplace-service/cart/pkg/api/grpc/loms/v1/loms.pb.go:104.44,104.45 0 0
github.com/BruteMors/marketplace-service/cart/pkg/api/grpc/loms/v1/loms.pb.go:106.66,108.41 2 0
github.com/BruteMors/marketplace-service/cart/pkg/api/grpc/loms/v1/loms.pb.go:108.41,110.34 2 0
github.com/BruteMors/marketplace-service/cart/pkg/api/grpc/loms/v1/loms.pb.go:110.34,112.4 1 0
github.com/BruteMors/marketplace-service/cart/pkg/api/grpc/loms/v1/loms.pb.go:113.3,113.12 1 0
github.com/BruteMors/marketplace-service/cart/pkg/api/grpc/loms/v1/loms.pb.go:115.2,115.24 1 0
github.com/BruteMors/marketplace-service/cart/pkg/api/grpc/loms/v1/loms.pb.go:119.57,121.2 1 0
github.com/BruteMors/marketplace-service/cart/pkg/api/grpc/loms/v1/loms.pb.go:123.46,124.14 1 0
github.com/BruteMors/marketplace-service/cart/pkg/api/grpc/loms/v1/loms.pb.go:124.14,126.3 1 0
github.com/BruteMors/marketplace-service/cart/pkg/api/grpc/loms/v1/loms.pb.go:127.2,127.10 1 0
github.com/BruteMors/marketplace-service/cart/pkg/api/grpc/loms/v1/loms.pb.go:130.54,131.14 1 0
github.com/BruteMors/marketplace-service/cart/pkg/api/grpc/loms/v1/loms.pb.go:131.14,133.3 1 0
github.com/BruteMors/marketplace-service/cart/pkg/api/grpc/loms/v1/loms.pb.go:134.2,134.12 1 0
github.com/BruteMors/marketplace-service/cart/pkg/api/grpc/loms/v1/loms.pb.go:145.39,147.29 2 0
github.com/BruteMors/marketplace-service/cart/pkg/api/grpc/loms/v1/loms.pb.go:147.29,151.3 3 0
github.com/BruteMors/marketplace-service/cart/pkg/api/grpc/loms/v1/loms.pb.go:154.47,156.2 1 0
github.com/BruteMors/marketplace-service/cart/pkg/api/grpc/loms/v1/loms.pb.go:158.45,158.46 0 0
github.com/BruteMors/marketplace-service/cart/pkg/api/grpc/loms/v1/loms.pb.go:160.67,162.41 2 0
github.com/BruteMors/marketplace-service/cart/pkg/api/grpc/loms/v1/loms.pb.go:162.41,164.34 2 0
github.com/BruteMors/marketplace-service/cart/pkg/api/grpc/loms/v1/loms.pb.go:164.34,166.4 1 0
github.com/BruteMors/marketplace-service/cart/pkg/api/grpc/loms/v1/loms.pb.go:167.3,167.12 1 0
github.com/BruteMors/marketplace-service/cart/pkg/api/grpc/loms/v1/loms.pb.go:169.2,169.24 1 0
github.com/BruteMors/marketplace-service/cart/pkg/api/grpc/loms/v1/loms.pb.go:173.58,175.2 1 0
github.com/BruteMors/marketplace-service/cart/pkg/api/grpc/loms/v1/loms.pb.go:177.50,178.14 1 0
github.com/BruteMors/marketplace-service/cart/pkg/api/grpc/loms/v1/loms.pb.go:178.14,180.3 1 0
github.com/BruteMors/marketplace-service/cart/pkg/api/grpc/loms/v1/loms.pb.go:181.2,181.10 1 0
github.com/BruteMors/marketplace-service/cart/pkg/api/grpc/loms/v1/loms.pb.go:192.36,194.29 2 0
github.com/BruteMors/marketplace-service/cart/pkg/api/grpc/loms/v1/loms.pb.go:194.29,198.3 3 0
github.com/BruteMors/marketplace-service/cart/pkg/api/grpc/loms/v1/loms.pb.go:201.44,203.2 1 0
github.com/BruteMors/marketplace-service/cart/pkg/api/grpc/loms/v1/loms.pb.go:205.42,205.43 0 0
github.com/BruteMors/marketplace-service/cart/pkg/api/grpc/loms/v1/loms.pb.go:207.64,209.41 2 0
github.com/BruteMors/marketplace-service/cart/pkg/api/grpc/loms/v1/loms.pb.go:209.41,211.34 2 0
github.com/BruteMors/marketplace-service/cart/pkg/api/grpc/loms/v1/loms.pb.go:211.34,213.4 1 0
github.com/BruteMors/marketplace-service/cart/pkg/api/grpc/loms/v1/loms.pb.go:214.3,214.12 1 0
github.com/BruteMors/marketplace-service/cart/pkg/api/grpc/loms/v1/loms.pb.go:216.2,216.24 1 0
github.com/BruteMors/marketplace-service/cart/pkg/api/grpc/loms/v1/loms.pb.go:220.55,222.2 1 0
github.com/BruteMors/marketplace-service/cart/pkg/api/grpc/loms/v1/loms.pb.go:224.47,225.14 1 0
github.com/BruteMors/marketplace-service/cart/pkg/api/grpc/loms/v1/loms.pb.go:225.14,227.3 1 0
github.com/BruteMors/marketplace-service/cart/pkg/api/grpc/loms/v1/loms.pb.go:228.2,228.10 1 0
github.com/BruteMors/marketplace-service/cart/pkg/api/grpc/loms/v1/loms.pb.go:241.37,243.29 2 0
github.com/BruteMors/marketplace-service/cart/pkg/api/grpc/loms/v1/loms.pb.go:243.29,247.3 3 0
github.com/BruteMors/marketplace-service/cart/pkg/api/grpc/loms/v1/loms.pb.go:250.45,252.2 1 0
github.com/BruteMors/marketplace-service/cart/pkg/api/grpc/loms/v1/loms.pb.go:254.43,254.44 0 0
github.com/BruteMors/marketplace-service/cart/pkg/api/grpc/loms/v1/loms.pb.go:256.65,258.41 2 0
github.com/BruteMors/marketplace-service/cart/pkg/api/grpc/loms/v1/loms.pb.go:258.41,260.34 2 0
github.com/BruteMors/marketplace-service/cart/pkg/api/grpc/loms/v1/loms.pb.go:260.34,262.4 1 0
github.com/BruteMors/marketplace-service/cart/pkg/api/grpc/loms/v1/loms.pb.go:263.3,263.12 1 0
github.com/BruteMors/marketplace-service/cart/pkg/api/grpc/loms/v1/loms.pb.go:265.2,265.24 1 0
github.com/BruteMors/marketplace-service/cart/pkg/api/grpc/loms/v1/loms.pb.go:269.56,271.2 1 0
github.com/BruteMors/marketplace-service/cart/pkg/api/grpc/loms/v1/loms.pb.go:273.53,274.14 1 0
github.com/BruteMors/marketplace-service/cart/pkg/api/grpc/loms/v1/loms.pb.go:274.14,276.3 1 0
github.com/BruteMors/marketplace-service/cart/pkg/api/grpc/loms/v1/loms.pb.go:277.2,277.24 1 0
github.com/BruteMors/marketplace-service/cart/pkg/api/grpc/loms/v1/loms.pb.go:280.45,281.14 1 0
github.com/BruteMors/marketplace-service/cart/pkg/api/grpc/loms/v1/loms.pb.go:281.14,283.3 1 0
github.com/BruteMors/marketplace-service/cart/pkg/api/grpc/loms/v1/loms.pb.go:284.2,284.10 1 0
github.com/BruteMors/marketplace-service/cart/pkg/api/grpc/loms/v1/loms.pb.go:287.53,288.14 1 0
github.com/BruteMors/marketplace-service/cart/pkg/api/grpc/loms/v1/loms.pb.go:288.14,290.3 1 0
github.com/BruteMors/marketplace-service/cart/pkg/api/grpc/loms/v1/loms.pb.go:291.2,291.12 1 0
github.com/BruteMors/marketplace-service/cart/pkg/api/grpc/loms/v1/loms.pb.go:302.35,304.29 2 0
github.com/BruteMors/marketplace-service/cart/pkg/api/grpc/loms/v1/loms.pb.go:304.29,308.3 3 0
github.com/BruteMors/marketplace-service/cart/pkg/api/grpc/loms/v1/loms.pb.go:311.43,313.2 1 0
github.com/BruteMors/marketplace-service/cart/pkg/api/grpc/loms/v1/loms.pb.go:315.41,315.42 0 0
github.com/BruteMors/marketplace-service/cart/pkg/api/grpc/loms/v1/loms.pb.go:317.63,319.41 2 0
github.com/BruteMors/marketplace-service/cart/pkg/api/grpc/loms/v1/loms.pb.go:319.41,321.34 2 0
github.com/BruteMors/marketplace-service/cart/pkg/api/grpc/loms/v1/loms.pb.go:321.34,323.4 1 0
github.com/BruteMors/marketplace-service/cart/pkg/api/grpc/loms/v1/loms.pb.go:324.3,324.12 1 0
github.com/BruteMors/marketplace-service/cart/pkg/api/grpc/loms/v1/loms.pb.go:326.2,326.24 1 0
github.com/BruteMors/marketplace-service/cart/pkg/api/grpc/loms/v1/loms.pb.go:330.54,332.2 1 0
github.com/BruteMors/marketplace-service/cart/pkg/api/grpc/loms/v1/loms.pb.go:334.46,335.14 1 0
github.com/BruteMors/marketplace-service/cart/pkg/api/grpc/loms/v1/loms.pb.go:335.14,337.3 1 0
github.com/BruteMors/marketplace-service/cart/pkg/api/grpc/loms/v1/loms.pb.go:338.2,338.10 1 0
github.com/BruteMors/marketplace-service/cart/pkg/api/grpc/loms/v1/loms.pb.go:349.38,351.29 2 0
github.com/BruteMors/marketplace-service/cart/pkg/api/grpc/loms/v1/loms.pb.go:351.29,355.3 3 0
github.com/BruteMors/marketplace-service/cart/pkg/api/grpc/loms/v1/loms.pb.go:358.46,360.2 1 0
github.com/BruteMors/marketplace-service/cart/pkg/api/grpc/loms/v1/loms.pb.go:362.44,362.45 0 0
github.com/BruteMors/marketplace-service/cart/pkg/api/grpc/loms/v1/loms.pb.go:364.66,366.41 2 0
github.com/BruteMors/marketplace-service/cart/pkg/api/grpc/loms/v1/loms.pb.go:366.41,368.34 2 0
github.com/BruteMors/marketplace-service/cart/pkg/api/grpc/loms/v1/loms.pb.go:368.34,370.4 1 0
github.com/BruteMors/marketplace-service/cart/pkg/api/grpc/loms/v1/loms.pb.go:371.3,371.12 1 0
github.com/BruteMors/marketplace-service/cart/pkg/api/grpc/loms/v1/loms.pb.go:373.2,373.24 1 0
github.com/BruteMors/marketplace-service/cart/pkg/api/grpc/loms/v1/loms.pb.go:377.57,379.2 1 0
github.com/BruteMors/marketplace-service/cart/pkg/api/grpc/loms/v1/loms.pb.go:381.49,382.14 1 0
github.com/BruteMors/marketplace-service/cart/pkg/api/grpc/loms/v1/loms.pb.go:382.14,384.3 1 0
github.com/BruteMors/marketplace-service/cart/pkg/api/grpc/loms/v1/loms.pb.go:385.2,385.10 1 0
github.com/BruteMors/marketplace-service/cart/pkg/api/grpc/loms/v1/loms.pb.go:397.29,399.29 2 0
github.com/BruteMors/marketplace-service/cart/pkg/api/grpc/loms/v1/loms.pb.go:399.29,403.3 3 0
github.com/BruteMors/marketplace-service/cart/pkg/api/grpc/loms/v1/loms.pb.go:406.37,408.2 1 0
github.com/BruteMors/marketplace-service/cart/pkg/api/grpc/loms/v1/loms.pb.go:410.35,410.36 0 0
github.com/BruteMors/marketplace-service/cart/pkg/api/grpc/loms/v1/loms.pb.go:412.57,414.41 2 0
github.com/BruteMors/marketplace-service/cart/pkg/api/grpc/loms/v1/loms.pb.go:414.41,416.34 2 0
github.com/BruteMors/marketplace-service/cart/pkg/api/grpc/loms/v1/loms.pb.go:416.34,418.4 1 0
github.com/BruteMors/marketplace-service/cart/pkg/api/grpc/loms/v1/loms.pb.go:419.3,419.12 1 0
github.com/BruteMors/marketplace-service/cart/pkg/api/grpc/loms/v1/loms.pb.go:421.2,421.24 1 0
github.com/BruteMors/marketplace-service/cart/pkg/api/grpc/loms/v1/loms.pb.go:425.48,427.2 1 0
github.com/BruteMors/marketplace-service/cart/pkg/api/grpc/loms/v1/loms.pb.go:429.37,430.14 1 0
github.com/BruteMors/marketplace-service/cart/pkg/api/grpc/loms/v1/loms.pb.go:430.14,432.3 1 0
github.com/BruteMors/marketplace-service/cart/pkg/api/grpc/loms/v1/loms.pb.go:433.2,433.10 1 0
github.com/BruteMors/marketplace-service/cart/pkg/api/grpc/loms/v1/loms.pb.go:436.39,437.14 1 0
github.com/BruteMors/marketplace-service/cart/pkg/api/grpc/loms/v1/loms.pb.go:437.14,439.3 1 0
github.com/BruteMors/marketplace-service/cart/pkg/api/grpc/loms/v1/loms.pb.go:440.2,440.10 1 0
github.com/BruteMors/marketplace-service/cart/pkg/api/grpc/loms/v1/loms.pb.go:451.37,453.29 2 0
github.com/BruteMors/marketplace-service/cart/pkg/api/grpc/loms/v1/loms.pb.go:453.29,457.3 3 0
github.com/BruteMors/marketplace-service/cart/pkg/api/grpc/loms/v1/loms.pb.go:460.45,462.2 1 0
github.com/BruteMors/marketplace-service/cart/pkg/api/grpc/loms/v1/loms.pb.go:464.43,464.44 0 0
github.com/BruteMors/marketplace-service/cart/pkg/api/grpc/loms/v1/loms.pb.go:466.65,468.41 2 0
github.com/BruteMors/marketplace-service/cart/pkg/api/grpc/loms/v1/loms.pb.go:468.41,470.34 2 0
github.com/BruteMors/marketplace-service/cart/pkg/api/grpc/loms/v1/loms.pb.go:470.34,472.4 1 0
github.com/BruteMors/marketplace-service/cart/pkg/api/grpc/loms/v1/loms.pb.go:473.3,473.12 1 0
github.com/BruteMors/marketplace-service/cart/pkg/api/grpc/loms/v1/loms.pb.go:475.2,475.24 1 0
github.com/BruteMors/marketplace-service/cart/pkg/api/grpc/loms/v1/loms.pb.go:479.56,481.2 1 0
github.com/BruteMors/marketplace-service/cart/pkg/api/grpc/loms/v1/loms.pb.go:483.45,484.14 1 0
github.com/BruteMors/marketplace-service/cart/pkg/api/grpc/loms/v1/loms.pb.go:484.14,486.3 1 0
github.com/BruteMors/marketplace-service/cart/pkg/api/grpc/loms/v1/loms.pb.go:487.2,487.10 1 0
github.com/BruteMors/marketplace-service/cart/pkg/api/grpc/loms/v1/loms.pb.go:498.38,500.29 2 0
github.com/BruteMors/marketplace-service/cart/pkg/api/grpc/loms/v1/loms.pb.go:500.29,504.3 3 0
github.com/BruteMors/marketplace-service/cart/pkg/api/grpc/loms/v1/loms.pb.go:507.46,509.2 1 0
github.com/BruteMors/marketplace-service/cart/pkg/api/grpc/loms/v1/loms.pb.go:511.44,511.45 0 0
github.com/BruteMors/marketplace-service/cart/pkg/api/grpc/loms/v1/loms.pb.go:513.66,515.41 2 0
github.com/BruteMors/marketplace-service/cart/pkg/api/grpc/loms/v1/loms.pb.go:515.41,517.34 2 0
github.com/BruteMors/marketplace-service/cart/pkg/api/grpc/loms/v1/loms.pb.go:517.34,519.4 1 0
github.com/BruteMors/marketplace-service/cart/pkg/api/grpc/loms/v1/loms.pb.go:520.3,520.12 1 0
github.com/BruteMors/marketplace-service/cart/pkg/api/grpc/loms/v1/loms.pb.go:522.2,522.24 1 0
github.com/BruteMors/marketplace-service/cart/pkg/api/grpc/loms/v1/loms.pb.go:526.57,528.2 1 0
github.com/BruteMors/marketplace-service/cart/pkg/api/grpc/loms/v1/loms.pb.go:530.48,531.14 1 0
github.com/BruteMors/marketplace-service/cart/pkg/api/grpc/loms/v1/loms.pb.go:531.14,533.3 1 0
github.com/BruteMors/marketplace-service/cart/pkg/api/grpc/loms/v1/loms.pb.go:534.2,534.10 1 0
github.com/BruteMors/marketplace-service/cart/pkg/api/grpc/loms/v1/loms.pb.go:647.43,648.40 1 0
github.com/BruteMors/marketplace-service/cart/pkg/api/grpc/loms/v1/loms.pb.go:648.40,650.3 1 0
github.com/BruteMors/marketplace-service/cart/pkg/api/grpc/loms/v1/loms.pb.go:651.2,651.36 1 0
github.com/BruteMors/marketplace-service/cart/pkg/api/grpc/loms/v1/loms.pb.go:690.13,690.39 1 0
github.com/BruteMors/marketplace-service/cart/pkg/api/grpc/loms/v1/loms.pb.go:691.29,692.28 1 0
github.com/BruteMors/marketplace-service/cart/pkg/api/grpc/loms/v1/loms.pb.go:692.28,694.3 1 0
github.com/BruteMors/marketplace-service/cart/pkg/api/grpc/loms/v1/loms.pb.go:695.2,695.30 1 0
github.com/BruteMors/marketplace-service/cart/pkg/api/grpc/loms/v1/loms.pb.go:695.30,696.81 1 0
github.com/BruteMors/marketplace-service/cart/pkg/api/grpc/loms/v1/loms.pb.go:696.81,697.43 1 0
github.com/BruteMors/marketplace-service/cart/pkg/api/grpc/loms/v1/loms.pb.go:698.11,699.20 1 0
github.com/BruteMors/marketplace-service/cart/pkg/api/grpc/loms/v1/loms.pb.go:700.11,701.24 1 0
github.com/BruteMors/marketplace-service/cart/pkg/api/grpc/loms/v1/loms.pb.go:702.11,703.28 1 0
github.com/BruteMors/marketplace-service/cart/pkg/api/grpc/loms/v1/loms.pb.go:704.12,705.15 1 0
github.com/BruteMors/marketplace-service/cart/pkg/api/grpc/loms/v1/loms.pb.go:708.3,708.81 1 0
github.com/BruteMors/marketplace-service/cart/pkg/api/grpc/loms/v1/loms.pb.go:708.81,709.44 1 0
github.com/BruteMors/marketplace-service/cart/pkg/api/grpc/loms/v1/loms.pb.go:710.11,711.20 1 0
github.com/BruteMors/marketplace-service/cart/pkg/api/grpc/loms/v1/loms.pb.go:712.11,713.24 1 0
github.com/BruteMors/marketplace-service/cart/pkg/api/grpc/loms/v1/loms.pb.go:714.11,715.28 1 0
github.com/BruteMors/marketplace-service/cart/pkg/api/grpc/loms/v1/loms.pb.go:716.12,717.15 1 0
github.com/BruteMors/marketplace-service/cart/pkg/api/grpc/loms/v1/loms.pb.go:720.3,720.81 1 0
github.com/BruteMors/marketplace-service/cart/pkg/api/grpc/loms/v1/loms.pb.go:720.81,721.41 1 0
github.com/BruteMors/marketplace-service/cart/pkg/api/grpc/loms/v1/loms.pb.go:722.11,723.20 1 0
github.com/BruteMors/marketplace-service/cart/pkg/api/grpc/loms/v1/loms.pb.go:724.11,725.24 1 0
github.com/BruteMors/marketplace-service/cart/pkg/api/grpc/loms/v1/loms.pb.go:726.11,727.28 1 0
github.com/BruteMors/marketplace-service/cart/pkg/api/grpc/loms/v1/loms.pb.go:728.12,729.15 1 0
github.com/BruteMors/marketplace-service/cart/pkg/api/grpc/loms/v1/loms.pb.go:732.3,732.81 1 0
github.com/BruteMors/marketplace-service/cart/pkg/api/grpc/loms/v1/loms.pb.go:732.81,733.42 1 0
github.com/BruteMors/marketplace-service/cart/pkg/api/grpc/loms/v1/loms.pb.go:734.11,735.20 1 0
github.com/BruteMors/marketplace-service/cart/pkg/api/grpc/loms/v1/loms.pb.go:736.11,737.24 1 0
github.com/BruteMors/marketplace-service/cart/pkg/api/grpc/loms/v1/loms.pb.go:738.11,739.28 1 0
github.com/BruteMors/marketplace-service/cart/pkg/api/grpc/loms/v1/loms.pb.go:740.12,741.15 1 0
github.com/BruteMors/marketplace-service/cart/pkg/api/grpc/loms/v1/loms.pb.go:744.3,744.81 1 0
github.com/BruteMors/marketplace-service/cart/pkg/api/grpc/loms/v1/loms.pb.go:744.81,745.40 1 0
github.com/BruteMors/marketplace-service/cart/pkg/api/grpc/loms/v1/loms.pb.go:746.11,747.20 1 0
github.com/BruteMors/marketplace-service/cart/pkg/api/grpc/loms/v1/loms.pb.go:748.11,749.24 1 0
github.com/BruteMors/marketplace-service/cart/pkg/api/grpc/loms/v1/loms.pb.go:750.11,751.28 1 0
github.com/BruteMors/marketplace-service/cart/pkg/api/grpc/loms/v1/loms.pb.go:752.12,753.15 1 0
github.com/BruteMors/marketplace-service/cart/pkg/api/grpc/loms/v1/loms.pb.go:756.3,756.81 1 0
github.com/BruteMors/marketplace-service/cart/pkg/api/grpc/loms/v1/loms.pb.go:756.81,757.43 1 0
github.com/BruteMors/marketplace-service/cart/pkg/api/grpc/loms/v1/loms.pb.go:758.11,759.20 1 0
github.com/BruteMors/marketplace-service/cart/pkg/api/grpc/loms/v1/loms.pb.go:760.11,761.24 1 0
github.com/BruteMors/marketplace-service/cart/pkg/api/grpc/loms/v1/loms.pb.go:762.11,763.28 1 0
github.com/BruteMors/marketplace-service/cart/pkg/api/grpc/loms/v1/loms.pb.go:764.12,765.15 1 0
github.com/BruteMors/marketplace-service/cart/pkg/api/grpc/loms/v1/loms.pb.go:768.3,768.81 1 0
github.com/BruteMors/marketplace-service/cart/pkg/api/grpc/loms/v1/loms.pb.go:768.81,769.34 1 0
github.com/BruteMors/marketplace-service/cart/pkg/api/grpc/loms/v1/loms.pb.go:770.11,771.20 1 0
github.com/BruteMors/marketplace-service/cart/pkg/api/grpc/loms/v1/loms.pb.go:772.11,773.24 1 0
github.com/BruteMors/marketplace-service/cart/pkg/api/grpc/loms/v1/loms.pb.go:774.11,775.28 1 0
github.com/BruteMors/marketplace-service/cart/pkg/api/grpc/loms/v1/loms.pb.go:776.12,777.15 1 0
github.com/BruteMors/marketplace-service/cart/pkg/api/grpc/loms/v1/loms.pb.go:780.3,780.81 1 0
github.com/BruteMors/marketplace-service/cart/pkg/api/grpc/loms/v1/loms.pb.go:780.81,781.42 1 0
github.com/BruteMors/marketplace-service/cart/pkg/api/grpc/loms/v1/loms.pb.go:782.11,783.20 1 0
github.com/BruteMors/marketplace-service/cart/pkg/api/grpc/loms/v1/loms.pb.go:784.11,785.24 1 0
github.com/BruteMors/marketplace-service/cart/pkg/api/grpc/loms/v1/loms.pb.go:786.11,787.28 1 0
github.com/BruteMors/marketplace-service/cart/pkg/api/grpc/loms/v1/loms.pb.go:788.12,789.15 1 0
github.com/BruteMors/marketplace-service/cart/pkg/api/grpc/loms/v1/loms.pb.go:792.3,792.81 1 0
github.com/BruteMors/marketplace-service/cart/pkg/api/grpc/loms/v1/loms.pb.go:792.81,793.43 1 0
github.com/BruteMors/marketplace-service/cart/pkg/api/grpc/loms/v1/loms.pb.go:794.11,795.20 1 0
github.com/BruteMors/marketplace-service/cart/pkg/api/grpc/loms/v1/loms.pb.go:796.11,797.24 1 0
github.com/BruteMors/marketplace-service/cart/pkg/api/grpc/loms/v1/loms.pb.go:798.11,799.28 1 0
github.com/BruteMors/marketplace-service/cart/pkg/api/grpc/loms/v1/loms.pb.go:800.12,801.15 1 0
github.com/BruteMors/marketplace-service/cart/pkg/api/grpc/loms/v1/loms.pb.go:805.2,823.31 6 0
github.com/BruteMors/marketplace-service/cart/pkg/api/grpc/loms/v1/loms.pb.gw.go:34.202,38.90 3 0
github.com/BruteMors/marketplace-service/cart/pkg/api/grpc/loms/v1/loms.pb.gw.go:38.90,40.3 1 0
github.com/BruteMors/marketplace-service/cart/pkg/api/grpc/loms/v1/loms.pb.gw.go:42.2,43.27 2 0
github.com/BruteMors/marketplace-service/cart/pkg/api/grpc/loms/v1/loms.pb.gw.go:47.208,51.90 3 0
github.com/BruteMors/marketplace-service/cart/pkg/api/grpc/loms/v1/loms.pb.gw.go:51.90,53.3 1 0
github.com/BruteMors/marketplace-service/cart/pkg/api/grpc/loms/v1/loms.pb.gw.go:55.2,56.27 2 0
github.com/BruteMors/marketplace-service/cart/pkg/api/grpc/loms/v1/loms.pb.gw.go:60.200,64.90 3 0
github.com/BruteMors/marketplace-service/cart/pkg/api/grpc/loms/v1/loms.pb.gw.go:64.90,66.3 1 0
github.com/BruteMors/marketplace-service/cart/pkg/api/grpc/loms/v1/loms.pb.gw.go:68.2,69.27 2 0
github.com/BruteMors/marketplace-service/cart/pkg/api/grpc/loms/v1/loms.pb.gw.go:73.206,77.90 3 0
github.com/BruteMors/marketplace-service/cart/pkg/api/grpc/loms/v1/loms.pb.gw.go:77.90,79.3 1 0
github.com/BruteMors/marketplace-service/cart/pkg/api/grpc/loms/v1/loms.pb.gw.go:81.2,82.27 2 0
github.com/BruteMors/marketplace-service/cart/pkg/api/grpc/loms/v1/loms.pb.gw.go:86.199,90.90 3 0
github.com/BruteMors/marketplace-service/cart/pkg/api/grpc/loms/v1/loms.pb.gw.go:90.90,92.3 1 0
github.com/BruteMors/marketplace-service/cart/pkg/api/grpc/loms/v1/loms.pb.gw.go:94.2,95.27 2 0
github.com/BruteMors/marketplace-service/cart/pkg/api/grpc/loms/v1/loms.pb.gw.go:99.205,103.90 3 0
github.com/BruteMors/marketplace-service/cart/pkg/api/grpc/loms/v1/loms.pb.gw.go:103.90,105.3 1 0
github.com/BruteMors/marketplace-service/cart/pkg/api/grpc/loms/v1/loms.pb.gw.go:107.2,108.27 2 0
github.com/BruteMors/marketplace-service/cart/pkg/api/grpc/loms/v1/loms.pb.gw.go:112.202,116.90 3 0
github.com/BruteMors/marketplace-service/cart/pkg/api/grpc/loms/v1/loms.pb.gw.go:116.90,118.3 1 0
github.com/BruteMors/marketplace-service/cart/pkg/api/grpc/loms/v1/loms.pb.gw.go:120.2,121.27 2 0
github.com/BruteMors/marketplace-service/cart/pkg/api/grpc/loms/v1/loms.pb.gw.go:125.208,129.90 3 0
github.com/BruteMors/marketplace-service/cart/pkg/api/grpc/loms/v1/loms.pb.gw.go:129.90,131.3 1 0
github.com/BruteMors/marketplace-service/cart/pkg/api/grpc/loms/v1/loms.pb.gw.go:133.2,134.27 2 0
github.com/BruteMors/marketplace-service/cart/pkg/api/grpc/loms/v1/loms.pb.gw.go:138.199,142.90 3 0
github.com/BruteMors/marketplace-service/cart/pkg/api/grpc/loms/v1/loms.pb.gw.go:142.90,144.3 1 0
github.com/BruteMors/marketplace-service/cart/pkg/api/grpc/loms/v1/loms.pb.gw.go:146.2,147.27 2 0
github.com/BruteMors/marketplace-service/cart/pkg/api/grpc/loms/v1/loms.pb.gw.go:151.205,155.90 3 0
github.com/BruteMors/marketplace-service/cart/pkg/api/grpc/loms/v1/loms.pb.gw.go:155.90,157.3 1 0
github.com/BruteMors/marketplace-service/cart/pkg/api/grpc/loms/v1/loms.pb.gw.go:159.2,160.27 2 0
github.com/BruteMors/marketplace-service/cart/pkg/api/grpc/loms/v1/loms.pb.gw.go:168.105,170.128 1 0
github.com/BruteMors/marketplace-service/cart/pkg/api/grpc/loms/v1/loms.pb.gw.go:170.128,179.17 9 0
github.com/BruteMors/marketplace-service/cart/pkg/api/grpc/loms/v1/loms.pb.gw.go:179.17,182.4 2 0
github.com/BruteMors/marketplace-service/cart/pkg/api/grpc/loms/v1/loms.pb.gw.go:183.3,186.17 4 0
github.com/BruteMors/marketplace-service/cart/pkg/api/grpc/loms/v1/loms.pb.gw.go:186.17,189.4 2 0
github.com/BruteMors/marketplace-service/cart/pkg/api/grpc/loms/v1/loms.pb.gw.go:191.3,191.123 1 0
github.com/BruteMors/marketplace-service/cart/pkg/api/grpc/loms/v1/loms.pb.gw.go:195.2,195.126 1 0
github.com/BruteMors/marketplace-service/cart/pkg/api/grpc/loms/v1/loms.pb.gw.go:195.126,204.17 9 0
github.com/BruteMors/marketplace-service/cart/pkg/api/grpc/loms/v1/loms.pb.gw.go:204.17,207.4 2 0
github.com/BruteMors/marketplace-service/cart/pkg/api/grpc/loms/v1/loms.pb.gw.go:208.3,211.17 4 0
github.com/BruteMors/marketplace-service/cart/pkg/api/grpc/loms/v1/loms.pb.gw.go:211.17,214.4 2 0
github.com/BruteMors/marketplace-service/cart/pkg/api/grpc/loms/v1/loms.pb.gw.go:216.3,216.121 1 0
github.com/BruteMors/marketplace-service/cart/pkg/api/grpc/loms/v1/loms.pb.gw.go:220.2,220.125 1 0
github.com/BruteMors/marketplace-service/cart/pkg/api/grpc/loms/v1/loms.pb.gw.go:220.125,229.17 9 0
github.com/BruteMors/marketplace-service/cart/pkg/api/grpc/loms/v1/loms.pb.gw.go:229.17,232.4 2 0
github.com/BruteMors/marketplace-service/cart/pkg/api/grpc/loms/v1/loms.pb.gw.go:233.3,236.17 4 0
github.com/BruteMors/marketplace-service/cart/pkg/api/grpc/loms/v1/loms.pb.gw.go:236.17,239.4 2 0
github.com/BruteMors/marketplace-service/cart/pkg/api/grpc/loms/v1/loms.pb.gw.go:241.3,241.120 1 0
github.com/BruteMors/marketplace-service/cart/pkg/api/grpc/loms/v1/loms.pb.gw.go:245.2,245.128 1 0
github.com/BruteMors/marketplace-service/cart/pkg/api/grpc/loms/v1/loms.pb.gw.go:245.128,254.17 9 0
github.com/BruteMors/marketplace-service/cart/pkg/api/grpc/loms/v1/loms.pb.gw.go:254.17,257.4 2 0
github.com/BruteMors/marketplace-service/cart/pkg/api/grpc/loms/v1/loms.pb.gw.go:258.3,261.17 4 0
github.com/BruteMors/marketplace-service/cart/pkg/api/grpc/loms/v1/loms.pb.gw.go:261.17,264.4 2 0
github.com/BruteMors/marketplace-service/cart/pkg/api/grpc/loms/v1/loms.pb.gw.go:266.3,266.123 1 0
github.com/BruteMors/marketplace-service/cart/pkg/api/grpc/loms/v1/loms.pb.gw.go:270.2,270.12 1 0
github.com/BruteMors/marketplace-service/cart/pkg/api/grpc/loms/v1/loms.pb.gw.go:277.103,279.126 1 0
github.com/BruteMors/marketplace-service/cart/pkg/api/grpc/loms/v1/loms.pb.gw.go:279.126,288.17 9 0
github.com/BruteMors/marketplace-service/cart/pkg/api/grpc/loms/v1/loms.pb.gw.go:288.17,291.4 2 0
github.com/BruteMors/marketplace-service/cart/pkg/api/grpc/loms/v1/loms.pb.gw.go:292.3,295.17 4 0
github.com/BruteMors/marketplace-service/cart/pkg/api/grpc/loms/v1/loms.pb.gw.go:295.17,298.4 2 0
github.com/BruteMors/marketplace-service/cart/pkg/api/grpc/loms/v1/loms.pb.gw.go:300.3,300.121 1 0
github.com/BruteMors/marketplace-service/cart/pkg/api/grpc/loms/v1/loms.pb.gw.go:304.2,304.12 1 0
github.com/BruteMors/marketplace-service/cart/pkg/api/grpc/loms/v1/loms.pb.gw.go:309.137,311.16 2 0
github.com/BruteMors/marketplace-service/cart/pkg/api/grpc/loms/v1/loms.pb.gw.go:311.16,313.3 1 0
github.com/BruteMors/marketplace-service/cart/pkg/api/grpc/loms/v1/loms.pb.gw.go:314.2,314.15 1 0
github.com/BruteMors/marketplace-service/cart/pkg/api/grpc/loms/v1/loms.pb.gw.go:314.15,315.17 1 0
github.com/BruteMors/marketplace-service/cart/pkg/api/grpc/loms/v1/loms.pb.gw.go:315.17,316.41 1 0
github.com/BruteMors/marketplace-service/cart/pkg/api/grpc/loms/v1/loms.pb.gw.go:316.41,318.5 1 0
github.com/BruteMors/marketplace-service/cart/pkg/api/grpc/loms/v1/loms.pb.gw.go:319.4,319.10 1 0
github.com/BruteMors/marketplace-service/cart/pkg/api/grpc/loms/v1/loms.pb.gw.go:321.3,321.13 1 0
github.com/BruteMors/marketplace-service/cart/pkg/api/grpc/loms/v1/loms.pb.gw.go:321.13,323.41 2 0
github.com/BruteMors/marketplace-service/cart/pkg/api/grpc/loms/v1/loms.pb.gw.go:323.41,325.5 1 0
github.com/BruteMors/marketplace-service/cart/pkg/api/grpc/loms/v1/loms.pb.gw.go:329.2,329.46 1 0
github.com/BruteMors/marketplace-service/cart/pkg/api/grpc/loms/v1/loms.pb.gw.go:334.101,336.2 1 0
github.com/BruteMors/marketplace-service/cart/pkg/api/grpc/loms/v1/loms.pb.gw.go:343.105,345.128 1 0
github.com/BruteMors/marketplace-service/cart/pkg/api/grpc/loms/v1/loms.pb.gw.go:345.128,352.17 7 0
github.com/BruteMors/marketplace-service/cart/pkg/api/grpc/loms/v1/loms.pb.gw.go:352.17,355.4 2 0
github.com/BruteMors/marketplace-service/cart/pkg/api/grpc/loms/v1/loms.pb.gw.go:356.3,358.17 3 0
github.com/BruteMors/marketplace-service/cart/pkg/api/grpc/loms/v1/loms.pb.gw.go:358.17,361.4 2 0
github.com/BruteMors/marketplace-service/cart/pkg/api/grpc/loms/v1/loms.pb.gw.go:363.3,363.123 1 0
github.com/BruteMors/marketplace-service/cart/pkg/api/grpc/loms/v1/loms.pb.gw.go:367.2,367.126 1 0
github.com/BruteMors/marketplace-service/cart/pkg/api/grpc/loms/v1/loms.pb.gw.go:367.126,374.17 7 0
github.com/BruteMors/marketplace-service/cart/pkg/api/grpc/loms/v1/loms.pb.gw.go:374.17,377.4 2 0
github.com/BruteMors/marketplace-service/cart/pkg/api/grpc/loms/v1/loms.pb.gw.go:378.3,380.17 3 0
github.com/BruteMors/marketplace-service/cart/pkg/api/grpc/loms/v1/loms.pb.gw.go:380.17,383.4 2 0
github.com/BruteMors/marketplace-service/cart/pkg/api/grpc/loms/v1/loms.pb.gw.go:385.3,385.121 1 0
github.com/BruteMors/marketplace-service/cart/pkg/api/grpc/loms/v1/loms.pb.gw.go:389.2,389.125 1 0
github.com/BruteMors/marketplace-service/cart/pkg/api/grpc/loms/v1/loms.pb.gw.go:389.125,396.17 7 0
github.com/BruteMors/marketplace-service/cart/pkg/api/grpc/loms/v1/loms.pb.gw.go:396.17,399.4 2 0
github.com/BruteMors/marketplace-service/cart/pkg/api/grpc/loms/v1/loms.pb.gw.go:400.3,402.17 3 0
github.com/BruteMors/marketplace-service/cart/pkg/api/grpc/loms/v1/loms.pb.gw.go:402.17,405.4 2 0
github.com/BruteMors/marketplace-service/cart/pkg/api/grpc/loms/v1/loms.pb.gw.go:407.3,407.120 1 0
github.com/BruteMors/marketplace-service/cart/pkg/api/grpc/loms/v1/loms.pb.gw.go:411.2,411.128 1 0
github.com/BruteMors/marketplace-service/cart/pkg/api/grpc/loms/v1/loms.pb.gw.go:411.128,418.17 7 0
github.com/BruteMors/marketplace-service/cart/pkg/api/grpc/loms/v1/loms.pb.gw.go:418.17,421.4 2 0
github.com/BruteMors/marketplace-service/cart/pkg/api/grpc/loms/v1/loms.pb.gw.go:422.3,424.17 3 0
github.com/BruteMors/marketplace-service/cart/pkg/api/grpc/loms/v1/loms.pb.gw.go:424.17,427.4 2 0
github.com/BruteMors/marketplace-service/cart/pkg/api/grpc/loms/v1/loms.pb.gw.go:429.3,429.123 1 0
github.com/BruteMors/marketplace-service/cart/pkg/api/grpc/loms/v1/loms.pb.gw.go:433.2,433.12 1 0
github.com/BruteMors/marketplace-service/cart/pkg/api/grpc/loms/v1/loms.pb.gw.go:458.136,460.16 2 0
github.com/BruteMors/marketplace-service/cart/pkg/api/grpc/loms/v1/loms.pb.gw.go:460.16,462.3 1 0
github.com/BruteMors/marketplace-service/cart/pkg/api/grpc/loms/v1/loms.pb.gw.go:463.2,463.15 1 0
github.com/BruteMors/marketplace-service/cart/pkg/api/grpc/loms/v1/loms.pb.gw.go:463.15,464.17 1 0
github.com/BruteMors/marketplace-service/cart/pkg/api/grpc/loms/v1/loms.pb.gw.go:464.17,465.41 1 0
github.com/BruteMors/marketplace-service/cart/pkg/api/grpc/loms/v1/loms.pb.gw.go:465.41,467.5 1 0
github.com/BruteMors/marketplace-service/cart/pkg/api/grpc/loms/v1/loms.pb.gw.go:468.4,468.10 1 0
github.com/BruteMors/marketplace-service/cart/pkg/api/grpc/loms/v1/loms.pb.gw.go:470.3,470.13 1 0
github.com/BruteMors/marketplace-service/cart/pkg/api/grpc/loms/v1/loms.pb.gw.go:470.13,472.41 2 0
github.com/BruteMors/marketplace-service/cart/pkg/api/grpc/loms/v1/loms.pb.gw.go:472.41,474.5 1 0
github.com/BruteMors/marketplace-service/cart/pkg/api/grpc/loms/v1/loms.pb.gw.go:478.2,478.45 1 0
github.com/BruteMors/marketplace-service/cart/pkg/api/grpc/loms/v1/loms.pb.gw.go:483.100,485.2 1 0
github.com/BruteMors/marketplace-service/cart/pkg/api/grpc/loms/v1/loms.pb.gw.go:492.103,494.126 1 0
github.com/BruteMors/marketplace-service/cart/pkg/api/grpc/loms/v1/loms.pb.gw.go:494.126,501.17 7 0
github.com/BruteMors/marketplace-service/cart/pkg/api/grpc/loms/v1/loms.pb.gw.go:501.17,504.4 2 0
github.com/BruteMors/marketplace-service/cart/pkg/api/grpc/loms/v1/loms.pb.gw.go:505.3,507.17 3 0
github.com/BruteMors/marketplace-service/cart/pkg/api/grpc/loms/v1/loms.pb.gw.go:507.17,510.4 2 0
github.com/BruteMors/marketplace-service/cart/pkg/api/grpc/loms/v1/loms.pb.gw.go:512.3,512.121 1 0
github.com/BruteMors/marketplace-service/cart/pkg/api/grpc/loms/v1/loms.pb.gw.go:516.2,516.12 1 0
github.com/BruteMors/marketplace-service/cart/pkg/api/grpc/loms/v1/loms_grpc.pb.go:36.64,38.2 1 0
github.com/BruteMors/marketplace-service/cart/pkg/api/grpc/loms/v1/loms_grpc.pb.go:40.136,43.16 3 0
github.com/BruteMors/marketplace-service/cart/pkg/api/grpc/loms/v1/loms_grpc.pb.go:43.16,45.3 1 0
github.com/BruteMors/marketplace-service/cart/pkg/api/grpc/loms/v1/loms_grpc.pb.go:46.2,46.17 1 0
github.com/BruteMors/marketplace-service/cart/pkg/api/grpc/loms/v1/loms_grpc.pb.go:49.130,52.16 3 0
github.com/BruteMors/marketplace-service/cart/pkg/api/grpc/loms/v1/loms_grpc.pb.go:52.16,54.3 1 0
github.com/BruteMors/marketplace-service/cart/pkg/api/grpc/loms/v1/loms_grpc.pb.go:55.2,55.17 1 0
github.com/BruteMors/marketplace-service/cart/pkg/api/grpc/loms/v1/loms_grpc.pb.go:58.124,61.16 3 0
github.com/BruteMors/marketplace-service/cart/pkg/api/grpc/loms/v1/loms_grpc.pb.go:61.16,63.3 1 0
github.com/BruteMors/marketplace-service/cart/pkg/api/grpc/loms/v1/loms_grpc.pb.go:64.2,64.17 1 0
github.com/BruteMors/marketplace-service/cart/pkg/api/grpc/loms/v1/loms_grpc.pb.go:67.130,70.16 3 0
github.com/BruteMors/marketplace-service/cart/pkg/api/grpc/loms/v1/loms_grpc.pb.go:70.16,72.3 1 0
github.com/BruteMors/marketplace-service/cart/pkg/api/grpc/loms/v1/loms_grpc.pb.go:73.2,73.17 1 0
github.com/BruteMors/marketplace-service/cart/pkg/api/grpc/loms/v1/loms_grpc.pb.go:91.114,93.2 1 0
github.com/BruteMors/marketplace-service/cart/pkg/api/grpc/loms/v1/loms_grpc.pb.go:94.108,96.2 1 0
github.com/BruteMors/marketplace-service/cart/pkg/api/grpc/loms/v1/loms_grpc.pb.go:97.102,99.2 1 0
github.com/BruteMors/marketplace-service/cart/pkg/api/grpc/loms/v1/loms_grpc.pb.go:100.108,102.2 1 0
github.com/BruteMors/marketplace-service/cart/pkg/api/grpc/loms/v1/loms_grpc.pb.go:103.72,103.73 0 0
github.com/BruteMors/marketplace-service/cart/pkg/api/grpc/loms/v1/loms_grpc.pb.go:112.70,114.2 1 0
github.com/BruteMors/marketplace-service/cart/pkg/api/grpc/loms/v1/loms_grpc.pb.go:116.163,118.32 2 0
github.com/BruteMors/marketplace-service/cart/pkg/api/grpc/loms/v1/loms_grpc.pb.go:118.32,120.3 1 0
github.com/BruteMors/marketplace-service/cart/pkg/api/grpc/loms/v1/loms_grpc.pb.go:121.2,121.24 1 0
github.com/BruteMors/marketplace-service/cart/pkg/api/grpc/loms/v1/loms_grpc.pb.go:121.24,123.3 1 0
github.com/BruteMors/marketplace-service/cart/pkg/api/grpc/loms/v1/loms_grpc.pb.go:124.2,128.77 2 0
github.com/BruteMors/marketplace-service/cart/pkg/api/grpc/loms/v1/loms_grpc.pb.go:128.77,130.3 1 0
github.com/BruteMors/marketplace-service/cart/pkg/api/grpc/loms/v1/loms_grpc.pb.go:131.2,131.44 1 0
github.com/BruteMors/marketplace-service/cart/pkg/api/grpc/loms/v1/loms_grpc.pb.go:134.161,136.32 2 0
github.com/BruteMors/marketplace-service/cart/pkg/api/grpc/loms/v1/loms_grpc.pb.go:136.32,138.3 1 0
github.com/BruteMors/marketplace-service/cart/pkg/api/grpc/loms/v1/loms_grpc.pb.go:139.2,139.24 1 0
github.com/BruteMors/marketplace-service/cart/pkg/api/grpc/loms/v1/loms_grpc.pb.go:139.24,141.3 1 0
github.com/BruteMors/marketplace-service/cart/pkg/api/grpc/loms/v1/loms_grpc.pb.go:142.2,146.77 2 0
github.com/BruteMors/marketplace-service/cart/pkg/api/grpc/loms/v1/loms_grpc.pb.go:146.77,148.3 1 0
github.com/BruteMors/marketplace-service/cart/pkg/api/grpc/loms/v1/loms_grpc.pb.go:149.2,149.44 1 0
github.com/BruteMors/marketplace-service/cart/pkg/api/grpc/loms/v1/loms_grpc.pb.go:152.160,154.32 2 0
github.com/BruteMors/marketplace-service/cart/pkg/api/grpc/loms/v1/loms_grpc.pb.go:154.32,156.3 1 0
github.com/BruteMors/marketplace-service/cart/pkg/api/grpc/loms/v1/loms_grpc.pb.go:157.2,157.24 1 0
github.com/BruteMors/marketplace-service/cart/pkg/api/grpc/loms/v1/loms_grpc.pb.go:157.24,159.3 1 0
github.com/BruteMors/marketplace-service/cart/pkg/api/grpc/loms/v1/loms_grpc.pb.go:160.2,164.77 2 0
github.com/BruteMors/marketplace-service/cart/pkg/api/grpc/loms/v1/loms_grpc.pb.go:164.77,166.3 1 0
github.com/BruteMors/marketplace-service/cart/pkg/api/grpc/loms/v1/loms_grpc.pb.go:167.2,167.44 1 0
github.com/BruteMors/marketplace-service/cart/pkg/api/grpc/loms/v1/loms_grpc.pb.go:170.163,172.32 2 0
github.com/BruteMors/marketplace-service/cart/pkg/api/grpc/loms/v1/loms_grpc.pb.go:172.32,174.3 1 0
github.com/BruteMors/marketplace-service/cart/pkg/api/grpc/loms/v1/loms_grpc.pb.go:175.2,175.24 1 0
github.com/BruteMors/marketplace-service/cart/pkg/api/grpc/loms/v1/loms_grpc.pb.go:175.24,177.3 1 0
github.com/BruteMors/marketplace-service/cart/pkg/api/grpc/loms/v1/loms_grpc.pb.go:178.2,182.77 2 0
github.com/BruteMors/marketplace-service/cart/pkg/api/grpc/loms/v1/loms_grpc.pb.go:182.77,184.3 1 0
github.com/BruteMors/marketplace-service/cart/pkg/api/grpc/loms/v1/loms_grpc.pb.go:185.2,185.44 1 0
github.com/BruteMors/marketplace-service/cart/pkg/api/grpc/loms/v1/loms_grpc.pb.go:227.62,229.2 1 0
github.com/BruteMors/marketplace-service/cart/pkg/api/grpc/loms/v1/loms_grpc.pb.go:231.132,234.16 3 0
github.com/BruteMors/marketplace-service/cart/pkg/api/grpc/loms/v1/loms_grpc.pb.go:234.16,236.3 1 0
github.com/BruteMors/marketplace-service/cart/pkg/api/grpc/loms/v1/loms_grpc.pb.go:237.2,237.17 1 0
github.com/BruteMors/marketplace-service/cart/pkg/api/grpc/loms/v1/loms_grpc.pb.go:252.110,254.2 1 0
github.com/BruteMors/marketplace-service/cart/pkg/api/grpc/loms/v1/loms_grpc.pb.go:255.70,255.71 0 0
github.com/BruteMors/marketplace-service/cart/pkg/api/grpc/loms/v1/loms_grpc.pb.go:264.68,266.2 1 0
github.com/BruteMors/marketplace-service/cart/pkg/api/grpc/loms/v1/loms_grpc.pb.go:268.161,270.32 2 0
github.com/BruteMors/marketplace-service/cart/pkg/api/grpc/loms/v1/loms_grpc.pb.go:270.32,272.3 1 0
github.com/BruteMors/marketplace-service/cart/pkg/api/grpc/loms/v1/loms_grpc.pb.go:273.2,273.24 1 0
github.com/BruteMors/marketplace-service/cart/pkg/api/grpc/loms/v1/loms_grpc.pb.go:273.24,275.3 1 0
github.com/BruteMors/marketplace-service/cart/pkg/api/grpc/loms/v1/loms_grpc.pb.go:276.2,280.77 2 0
github.com/BruteMors/marketplace-service/cart/pkg/api/grpc/loms/v1/loms_grpc.pb.go:280.77,282.3 1 0
github.com/BruteMors/marketplace-service/cart/pkg/api/grpc/loms/v1/loms_grpc.pb.go:283.2,283.44 1 0
github.com/BruteMors/marketplace-service/cart/vendor-proto/protoc-gen-openapiv2/options/annotations.pb.go:212.13,212.75 1 0
github.com/BruteMors/marketplace-service/cart/vendor-proto/protoc-gen-openapiv2/options/annotations.pb.go:213.65,214.64 1 0
github.com/BruteMors/marketplace-service/cart/vendor-proto/protoc-gen-openapiv2/options/annotations.pb.go:214.64,216.3 1 0
github.com/BruteMors/marketplace-service/cart/vendor-proto/protoc-gen-openapiv2/options/annotations.pb.go:217.2,235.67 7 0
github.com/BruteMors/marketplace-service/cart/vendor-proto/protoc-gen-openapiv2/options/openapiv2.pb.go:54.32,58.2 3 0
github.com/BruteMors/marketplace-service/cart/vendor-proto/protoc-gen-openapiv2/options/openapiv2.pb.go:60.33,62.2 1 0
github.com/BruteMors/marketplace-service/cart/vendor-proto/protoc-gen-openapiv2/options/openapiv2.pb.go:64.56,66.2 1 0
github.com/BruteMors/marketplace-service/cart/vendor-proto/protoc-gen-openapiv2/options/openapiv2.pb.go:68.44,70.2 1 0
github.com/BruteMors/marketplace-service/cart/vendor-proto/protoc-gen-openapiv2/options/openapiv2.pb.go:72.50,74.2 1 0
github.com/BruteMors/marketplace-service/cart/vendor-proto/protoc-gen-openapiv2/options/openapiv2.pb.go:77.48,79.2 1 0
github.com/BruteMors/marketplace-service/cart/vendor-proto/protoc-gen-openapiv2/options/openapiv2.pb.go:111.60,115.2 3 0
github.com/BruteMors/marketplace-service/cart/vendor-proto/protoc-gen-openapiv2/options/openapiv2.pb.go:117.47,119.2 1 0
github.com/BruteMors/marketplace-service/cart/vendor-proto/protoc-gen-openapiv2/options/openapiv2.pb.go:121.70,123.2 1 0
github.com/BruteMors/marketplace-service/cart/vendor-proto/protoc-gen-openapiv2/options/openapiv2.pb.go:125.58,127.2 1 0
github.com/BruteMors/marketplace-service/cart/vendor-proto/protoc-gen-openapiv2/options/openapiv2.pb.go:129.64,131.2 1 0
github.com/BruteMors/marketplace-service/cart/vendor-proto/protoc-gen-openapiv2/options/openapiv2.pb.go:134.62,136.2 1 0
github.com/BruteMors/marketplace-service/cart/vendor-proto/protoc-gen-openapiv2/options/openapiv2.pb.go:175.84,179.2 3 0
github.com/BruteMors/marketplace-service/cart/vendor-proto/protoc-gen-openapiv2/options/openapiv2.pb.go:181.59,183.2 1 0
github.com/BruteMors/marketplace-service/cart/vendor-proto/protoc-gen-openapiv2/options/openapiv2.pb.go:185.82,187.2 1 0
github.com/BruteMors/marketplace-service/cart/vendor-proto/protoc-gen-openapiv2/options/openapiv2.pb.go:189.70,191.2 1 0
github.com/BruteMors/marketplace-service/cart/vendor-proto/protoc-gen-openapiv2/options/openapiv2.pb.go:193.76,195.2 1 0
github.com/BruteMors/marketplace-service/cart/vendor-proto/protoc-gen-openapiv2/options/openapiv2.pb.go:198.74,200.2 1 0
github.com/BruteMors/marketplace-service/cart/vendor-proto/protoc-gen-openapiv2/options/openapiv2.pb.go:229.58,233.2 3 0
github.com/BruteMors/marketplace-service/cart/vendor-proto/protoc-gen-openapiv2/options/openapiv2.pb.go:235.46,237.2 1 0
github.com/BruteMors/marketplace-service/cart/vendor-proto/protoc-gen-openapiv2/options/openapiv2.pb.go:239.69,241.2 1 0
github.com/BruteMors/marketplace-service/cart/vendor-proto/protoc-gen-openapiv2/options/openapiv2.pb.go:243.57,245.2 1 0
github.com/BruteMors/marketplace-service/cart/vendor-proto/protoc-gen-openapiv2/options/openapiv2.pb.go:247.63,249.2 1 0
github.com/BruteMors/marketplace-service/cart/vendor-proto/protoc-gen-openapiv2/options/openapiv2.pb.go:252.61,254.2 1 0
github.com/BruteMors/marketplace-service/cart/vendor-proto/protoc-gen-openapiv2/options/openapiv2.pb.go:279.54,283.2 3 0
github.com/BruteMors/marketplace-service/cart/vendor-proto/protoc-gen-openapiv2/options/openapiv2.pb.go:285.44,287.2 1 0
github.com/BruteMors/marketplace-service/cart/vendor-proto/protoc-gen-openapiv2/options/openapiv2.pb.go:289.67,291.2 1 0
github.com/BruteMors/marketplace-service/cart/vendor-proto/protoc-gen-openapiv2/options/openapiv2.pb.go:293.55,295.2 1 0
github.com/BruteMors/marketplace-service/cart/vendor-proto/protoc-gen-openapiv2/options/openapiv2.pb.go:297.61,299.2 1 0
github.com/BruteMors/marketplace-service/cart/vendor-proto/protoc-gen-openapiv2/options/openapiv2.pb.go:302.59,304.2 1 0
github.com/BruteMors/marketplace-service/cart/vendor-proto/protoc-gen-openapiv2/options/openapiv2.pb.go:336.58,340.2 3 0
github.com/BruteMors/marketplace-service/cart/vendor-proto/protoc-gen-openapiv2/options/openapiv2.pb.go:342.46,344.2 1 0
github.com/BruteMors/marketplace-service/cart/vendor-proto/protoc-gen-openapiv2/options/openapiv2.pb.go:346.69,348.2 1 0
github.com/BruteMors/marketplace-service/cart/vendor-proto/protoc-gen-openapiv2/options/openapiv2.pb.go:350.57,352.2 1 0
github.com/BruteMors/marketplace-service/cart/vendor-proto/protoc-gen-openapiv2/options/openapiv2.pb.go:354.63,356.2 1 0
github.com/BruteMors/marketplace-service/cart/vendor-proto/protoc-gen-openapiv2/options/openapiv2.pb.go:359.61,361.2 1 0
github.com/BruteMors/marketplace-service/cart/vendor-proto/protoc-gen-openapiv2/options/openapiv2.pb.go:448.27,450.29 2 0
github.com/BruteMors/marketplace-service/cart/vendor-proto/protoc-gen-openapiv2/options/openapiv2.pb.go:450.29,454.3 3 0
github.com/BruteMors/marketplace-service/cart/vendor-proto/protoc-gen-openapiv2/options/openapiv2.pb.go:457.35,459.2 1 0
github.com/BruteMors/marketplace-service/cart/vendor-proto/protoc-gen-openapiv2/options/openapiv2.pb.go:461.33,461.34 0 0
github.com/BruteMors/marketplace-service/cart/vendor-proto/protoc-gen-openapiv2/options/openapiv2.pb.go:463.55,465.41 2 0
github.com/BruteMors/marketplace-service/cart/vendor-proto/protoc-gen-openapiv2/options/openapiv2.pb.go:465.41,467.34 2 0
github.com/BruteMors/marketplace-service/cart/vendor-proto/protoc-gen-openapiv2/options/openapiv2.pb.go:467.34,469.4 1 0
github.com/BruteMors/marketplace-service/cart/vendor-proto/protoc-gen-openapiv2/options/openapiv2.pb.go:470.3,470.12 1 0
github.com/BruteMors/marketplace-service/cart/vendor-proto/protoc-gen-openapiv2/options/openapiv2.pb.go:472.2,472.24 1 0
github.com/BruteMors/marketplace-service/cart/vendor-proto/protoc-gen-openapiv2/options/openapiv2.pb.go:476.46,478.2 1 0
github.com/BruteMors/marketplace-service/cart/vendor-proto/protoc-gen-openapiv2/options/openapiv2.pb.go:480.39,481.14 1 0
github.com/BruteMors/marketplace-service/cart/vendor-proto/protoc-gen-openapiv2/options/openapiv2.pb.go:481.14,483.3 1 0
github.com/BruteMors/marketplace-service/cart/vendor-proto/protoc-gen-openapiv2/options/openapiv2.pb.go:484.2,484.11 1 0
github.com/BruteMors/marketplace-service/cart/vendor-proto/protoc-gen-openapiv2/options/openapiv2.pb.go:487.35,488.14 1 0
github.com/BruteMors/marketplace-service/cart/vendor-proto/protoc-gen-openapiv2/options/openapiv2.pb.go:488.14,490.3 1 0
github.com/BruteMors/marketplace-service/cart/vendor-proto/protoc-gen-openapiv2/options/openapiv2.pb.go:491.2,491.12 1 0
github.com/BruteMors/marketplace-service/cart/vendor-proto/protoc-gen-openapiv2/options/openapiv2.pb.go:494.36,495.14 1 0
github.com/BruteMors/marketplace-service/cart/vendor-proto/protoc-gen-openapiv2/options/openapiv2.pb.go:495.14,497.3 1 0
github.com/BruteMors/marketplace-service/cart/vendor-proto/protoc-gen-openapiv2/options/openapiv2.pb.go:498.2,498.11 1 0
github.com/BruteMors/marketplace-service/cart/vendor-proto/protoc-gen-openapiv2/options/openapiv2.pb.go:501.40,502.14 1 0
github.com/BruteMors/marketplace-service/cart/vendor-proto/protoc-gen-openapiv2/options/openapiv2.pb.go:502.14,504.3 1 0
github.com/BruteMors/marketplace-service/cart/vendor-proto/protoc-gen-openapiv2/options/openapiv2.pb.go:505.2,505.11 1 0
github.com/BruteMors/marketplace-service/cart/vendor-proto/protoc-gen-openapiv2/options/openapiv2.pb.go:508.41,509.14 1 0
github.com/BruteMors/marketplace-service/cart/vendor-proto/protoc-gen-openapiv2/options/openapiv2.pb.go:509.14,511.3 1 0
github.com/BruteMors/marketplace-service/cart/vendor-proto/protoc-gen-openapiv2/options/openapiv2.pb.go:512.2,512.12 1 0
github.com/BruteMors/marketplace-service/cart/vendor-proto/protoc-gen-openapiv2/options/openapiv2.pb.go:515.42,516.14 1 0
github.com/BruteMors/marketplace-service/cart/vendor-proto/protoc-gen-openapiv2/options/openapiv2.pb.go:516.14,518.3 1 0
github.com/BruteMors/marketplace-service/cart/vendor-proto/protoc-gen-openapiv2/options/openapiv2.pb.go:519.2,519.12 1 0
github.com/BruteMors/marketplace-service/cart/vendor-proto/protoc-gen-openapiv2/options/openapiv2.pb.go:522.42,523.14 1 0
github.com/BruteMors/marketplace-service/cart/vendor-proto/protoc-gen-openapiv2/options/openapiv2.pb.go:523.14,525.3 1 0
github.com/BruteMors/marketplace-service/cart/vendor-proto/protoc-gen-openapiv2/options/openapiv2.pb.go:526.2,526.12 1 0
github.com/BruteMors/marketplace-service/cart/vendor-proto/protoc-gen-openapiv2/options/openapiv2.pb.go:529.55,530.14 1 0
github.com/BruteMors/marketplace-service/cart/vendor-proto/protoc-gen-openapiv2/options/openapiv2.pb.go:530.14,532.3 1 0
github.com/BruteMors/marketplace-service/cart/vendor-proto/protoc-gen-openapiv2/options/openapiv2.pb.go:533.2,533.12 1 0
github.com/BruteMors/marketplace-service/cart/vendor-proto/protoc-gen-openapiv2/options/openapiv2.pb.go:536.65,537.14 1 0
github.com/BruteMors/marketplace-service/cart/vendor-proto/protoc-gen-openapiv2/options/openapiv2.pb.go:537.14,539.3 1 0
github.com/BruteMors/marketplace-service/cart/vendor-proto/protoc-gen-openapiv2/options/openapiv2.pb.go:540.2,540.12 1 0
github.com/BruteMors/marketplace-service/cart/vendor-proto/protoc-gen-openapiv2/options/openapiv2.pb.go:543.56,544.14 1 0
github.com/BruteMors/marketplace-service/cart/vendor-proto/protoc-gen-openapiv2/options/openapiv2.pb.go:544.14,546.3 1 0
github.com/BruteMors/marketplace-service/cart/vendor-proto/protoc-gen-openapiv2/options/openapiv2.pb.go:547.2,547.12 1 0
github.com/BruteMors/marketplace-service/cart/vendor-proto/protoc-gen-openapiv2/options/openapiv2.pb.go:550.36,551.14 1 0
github.com/BruteMors/marketplace-service/cart/vendor-proto/protoc-gen-openapiv2/options/openapiv2.pb.go:551.14,553.3 1 0
github.com/BruteMors/marketplace-service/cart/vendor-proto/protoc-gen-openapiv2/options/openapiv2.pb.go:554.2,554.12 1 0
github.com/BruteMors/marketplace-service/cart/vendor-proto/protoc-gen-openapiv2/options/openapiv2.pb.go:557.60,558.14 1 0
github.com/BruteMors/marketplace-service/cart/vendor-proto/protoc-gen-openapiv2/options/openapiv2.pb.go:558.14,560.3 1 0
github.com/BruteMors/marketplace-service/cart/vendor-proto/protoc-gen-openapiv2/options/openapiv2.pb.go:561.2,561.12 1 0
github.com/BruteMors/marketplace-service/cart/vendor-proto/protoc-gen-openapiv2/options/openapiv2.pb.go:564.62,565.14 1 0
github.com/BruteMors/marketplace-service/cart/vendor-proto/protoc-gen-openapiv2/options/openapiv2.pb.go:565.14,567.3 1 0
github.com/BruteMors/marketplace-service/cart/vendor-proto/protoc-gen-openapiv2/options/openapiv2.pb.go:568.2,568.12 1 0
github.com/BruteMors/marketplace-service/cart/vendor-proto/protoc-gen-openapiv2/options/openapiv2.pb.go:651.29,653.29 2 0
github.com/BruteMors/marketplace-service/cart/vendor-proto/protoc-gen-openapiv2/options/openapiv2.pb.go:653.29,657.3 3 0
github.com/BruteMors/marketplace-service/cart/vendor-proto/protoc-gen-openapiv2/options/openapiv2.pb.go:660.37,662.2 1 0
github.com/BruteMors/marketplace-service/cart/vendor-proto/protoc-gen-openapiv2/options/openapiv2.pb.go:664.35,664.36 0 0
github.com/BruteMors/marketplace-service/cart/vendor-proto/protoc-gen-openapiv2/options/openapiv2.pb.go:666.57,668.41 2 0
github.com/BruteMors/marketplace-service/cart/vendor-proto/protoc-gen-openapiv2/options/openapiv2.pb.go:668.41,670.34 2 0
github.com/BruteMors/marketplace-service/cart/vendor-proto/protoc-gen-openapiv2/options/openapiv2.pb.go:670.34,672.4 1 0
github.com/BruteMors/marketplace-service/cart/vendor-proto/protoc-gen-openapiv2/options/openapiv2.pb.go:673.3,673.12 1 0
github.com/BruteMors/marketplace-service/cart/vendor-proto/protoc-gen-openapiv2/options/openapiv2.pb.go:675.2,675.24 1 0
github.com/BruteMors/marketplace-service/cart/vendor-proto/protoc-gen-openapiv2/options/openapiv2.pb.go:679.48,681.2 1 0
github.com/BruteMors/marketplace-service/cart/vendor-proto/protoc-gen-openapiv2/options/openapiv2.pb.go:683.40,684.14 1 0
github.com/BruteMors/marketplace-service/cart/vendor-proto/protoc-gen-openapiv2/options/openapiv2.pb.go:684.14,686.3 1 0
github.com/BruteMors/marketplace-service/cart/vendor-proto/protoc-gen-openapiv2/options/openapiv2.pb.go:687.2,687.12 1 0
github.com/BruteMors/marketplace-service/cart/vendor-proto/protoc-gen-openapiv2/options/openapiv2.pb.go:690.41,691.14 1 0
github.com/BruteMors/marketplace-service/cart/vendor-proto/protoc-gen-openapiv2/options/openapiv2.pb.go:691.14,693.3 1 0
github.com/BruteMors/marketplace-service/cart/vendor-proto/protoc-gen-openapiv2/options/openapiv2.pb.go:694.2,694.11 1 0
github.com/BruteMors/marketplace-service/cart/vendor-proto/protoc-gen-openapiv2/options/openapiv2.pb.go:697.45,698.14 1 0
github.com/BruteMors/marketplace-service/cart/vendor-proto/protoc-gen-openapiv2/options/openapiv2.pb.go:698.14,700.3 1 0
github.com/BruteMors/marketplace-service/cart/vendor-proto/protoc-gen-openapiv2/options/openapiv2.pb.go:701.2,701.11 1 0
github.com/BruteMors/marketplace-service/cart/vendor-proto/protoc-gen-openapiv2/options/openapiv2.pb.go:704.62,705.14 1 0
github.com/BruteMors/marketplace-service/cart/vendor-proto/protoc-gen-openapiv2/options/openapiv2.pb.go:705.14,707.3 1 0
github.com/BruteMors/marketplace-service/cart/vendor-proto/protoc-gen-openapiv2/options/openapiv2.pb.go:708.2,708.12 1 0
github.com/BruteMors/marketplace-service/cart/vendor-proto/protoc-gen-openapiv2/options/openapiv2.pb.go:711.45,712.14 1 0
github.com/BruteMors/marketplace-service/cart/vendor-proto/protoc-gen-openapiv2/options/openapiv2.pb.go:712.14,714.3 1 0
github.com/BruteMors/marketplace-service/cart/vendor-proto/protoc-gen-openapiv2/options/openapiv2.pb.go:715.2,715.11 1 0
github.com/BruteMors/marketplace-service/cart/vendor-proto/protoc-gen-openapiv2/options/openapiv2.pb.go:718.44,719.14 1 0
github.com/BruteMors/marketplace-service/cart/vendor-proto/protoc-gen-openapiv2/options/openapiv2.pb.go:719.14,721.3 1 0
github.com/BruteMors/marketplace-service/cart/vendor-proto/protoc-gen-openapiv2/options/openapiv2.pb.go:722.2,722.12 1 0
github.com/BruteMors/marketplace-service/cart/vendor-proto/protoc-gen-openapiv2/options/openapiv2.pb.go:725.44,726.14 1 0
github.com/BruteMors/marketplace-service/cart/vendor-proto/protoc-gen-openapiv2/options/openapiv2.pb.go:726.14,728.3 1 0
github.com/BruteMors/marketplace-service/cart/vendor-proto/protoc-gen-openapiv2/options/openapiv2.pb.go:729.2,729.12 1 0
github.com/BruteMors/marketplace-service/cart/vendor-proto/protoc-gen-openapiv2/options/openapiv2.pb.go:732.57,733.14 1 0
github.com/BruteMors/marketplace-service/cart/vendor-proto/protoc-gen-openapiv2/options/openapiv2.pb.go:733.14,735.3 1 0
github.com/BruteMors/marketplace-service/cart/vendor-proto/protoc-gen-openapiv2/options/openapiv2.pb.go:736.2,736.12 1 0
github.com/BruteMors/marketplace-service/cart/vendor-proto/protoc-gen-openapiv2/options/openapiv2.pb.go:739.43,740.14 1 0
github.com/BruteMors/marketplace-service/cart/vendor-proto/protoc-gen-openapiv2/options/openapiv2.pb.go:740.14,742.3 1 0
github.com/BruteMors/marketplace-service/cart/vendor-proto/protoc-gen-openapiv2/options/openapiv2.pb.go:743.2,743.12 1 0
github.com/BruteMors/marketplace-service/cart/vendor-proto/protoc-gen-openapiv2/options/openapiv2.pb.go:746.42,747.14 1 0
github.com/BruteMors/marketplace-service/cart/vendor-proto/protoc-gen-openapiv2/options/openapiv2.pb.go:747.14,749.3 1 0
github.com/BruteMors/marketplace-service/cart/vendor-proto/protoc-gen-openapiv2/options/openapiv2.pb.go:750.2,750.14 1 0
github.com/BruteMors/marketplace-service/cart/vendor-proto/protoc-gen-openapiv2/options/openapiv2.pb.go:753.58,754.14 1 0
github.com/BruteMors/marketplace-service/cart/vendor-proto/protoc-gen-openapiv2/options/openapiv2.pb.go:754.14,756.3 1 0
github.com/BruteMors/marketplace-service/cart/vendor-proto/protoc-gen-openapiv2/options/openapiv2.pb.go:757.2,757.12 1 0
github.com/BruteMors/marketplace-service/cart/vendor-proto/protoc-gen-openapiv2/options/openapiv2.pb.go:760.64,761.14 1 0
github.com/BruteMors/marketplace-service/cart/vendor-proto/protoc-gen-openapiv2/options/openapiv2.pb.go:761.14,763.3 1 0
github.com/BruteMors/marketplace-service/cart/vendor-proto/protoc-gen-openapiv2/options/openapiv2.pb.go:764.2,764.12 1 0
github.com/BruteMors/marketplace-service/cart/vendor-proto/protoc-gen-openapiv2/options/openapiv2.pb.go:767.49,768.14 1 0
github.com/BruteMors/marketplace-service/cart/vendor-proto/protoc-gen-openapiv2/options/openapiv2.pb.go:768.14,770.3 1 0
github.com/BruteMors/marketplace-service/cart/vendor-proto/protoc-gen-openapiv2/options/openapiv2.pb.go:771.2,771.12 1 0
github.com/BruteMors/marketplace-service/cart/vendor-proto/protoc-gen-openapiv2/options/openapiv2.pb.go:789.30,791.29 2 0
github.com/BruteMors/marketplace-service/cart/vendor-proto/protoc-gen-openapiv2/options/openapiv2.pb.go:791.29,795.3 3 0
github.com/BruteMors/marketplace-service/cart/vendor-proto/protoc-gen-openapiv2/options/openapiv2.pb.go:798.38,800.2 1 0
github.com/BruteMors/marketplace-service/cart/vendor-proto/protoc-gen-openapiv2/options/openapiv2.pb.go:802.36,802.37 0 0
github.com/BruteMors/marketplace-service/cart/vendor-proto/protoc-gen-openapiv2/options/openapiv2.pb.go:804.58,806.41 2 0
github.com/BruteMors/marketplace-service/cart/vendor-proto/protoc-gen-openapiv2/options/openapiv2.pb.go:806.41,808.34 2 0
github.com/BruteMors/marketplace-service/cart/vendor-proto/protoc-gen-openapiv2/options/openapiv2.pb.go:808.34,810.4 1 0
github.com/BruteMors/marketplace-service/cart/vendor-proto/protoc-gen-openapiv2/options/openapiv2.pb.go:811.3,811.12 1 0
github.com/BruteMors/marketplace-service/cart/vendor-proto/protoc-gen-openapiv2/options/openapiv2.pb.go:813.2,813.24 1 0
github.com/BruteMors/marketplace-service/cart/vendor-proto/protoc-gen-openapiv2/options/openapiv2.pb.go:817.49,819.2 1 0
github.com/BruteMors/marketplace-service/cart/vendor-proto/protoc-gen-openapiv2/options/openapiv2.pb.go:821.54,822.14 1 0
github.com/BruteMors/marketplace-service/cart/vendor-proto/protoc-gen-openapiv2/options/openapiv2.pb.go:822.14,824.3 1 0
github.com/BruteMors/marketplace-service/cart/vendor-proto/protoc-gen-openapiv2/options/openapiv2.pb.go:825.2,825.12 1 0
github.com/BruteMors/marketplace-service/cart/vendor-proto/protoc-gen-openapiv2/options/openapiv2.pb.go:848.35,850.29 2 0
github.com/BruteMors/marketplace-service/cart/vendor-proto/protoc-gen-openapiv2/options/openapiv2.pb.go:850.29,854.3 3 0
github.com/BruteMors/marketplace-service/cart/vendor-proto/protoc-gen-openapiv2/options/openapiv2.pb.go:857.43,859.2 1 0
github.com/BruteMors/marketplace-service/cart/vendor-proto/protoc-gen-openapiv2/options/openapiv2.pb.go:861.41,861.42 0 0
github.com/BruteMors/marketplace-service/cart/vendor-proto/protoc-gen-openapiv2/options/openapiv2.pb.go:863.63,865.41 2 0
github.com/BruteMors/marketplace-service/cart/vendor-proto/protoc-gen-openapiv2/options/openapiv2.pb.go:865.41,867.34 2 0
github.com/BruteMors/marketplace-service/cart/vendor-proto/protoc-gen-openapiv2/options/openapiv2.pb.go:867.34,869.4 1 0
github.com/BruteMors/marketplace-service/cart/vendor-proto/protoc-gen-openapiv2/options/openapiv2.pb.go:870.3,870.12 1 0
github.com/BruteMors/marketplace-service/cart/vendor-proto/protoc-gen-openapiv2/options/openapiv2.pb.go:872.2,872.24 1 0
github.com/BruteMors/marketplace-service/cart/vendor-proto/protoc-gen-openapiv2/options/openapiv2.pb.go:876.54,878.2 1 0
github.com/BruteMors/marketplace-service/cart/vendor-proto/protoc-gen-openapiv2/options/openapiv2.pb.go:880.44,881.14 1 0
github.com/BruteMors/marketplace-service/cart/vendor-proto/protoc-gen-openapiv2/options/openapiv2.pb.go:881.14,883.3 1 0
[...]
github.com/BruteMors/marketplace-service/cart/vendor-proto/validate/validate.pb.go:3771.11,3772.20 1 0
github.com/BruteMors/marketplace-service/cart/vendor-proto/validate/validate.pb.go:3773.11,3774.24 1 0
github.com/BruteMors/marketplace-service/cart/vendor-proto/validate/validate.pb.go:3775.11,3776.28 1 0
github.com/BruteMors/marketplace-service/cart/vendor-proto/validate/validate.pb.go:3777.12,3778.15 1 0
github.com/BruteMors/marketplace-service/cart/vendor-proto/validate/validate.pb.go:3781.3,3781.94 1 0
github.com/BruteMors/marketplace-service/cart/vendor-proto/validate/validate.pb.go:3781.94,3782.35 1 0
github.com/BruteMors/marketplace-service/cart/vendor-proto/validate/validate.pb.go:3783.11,3784.20 1 0
github.com/BruteMors/marketplace-service/cart/vendor-proto/validate/validate.pb.go:3785.11,3786.24 1 0
github.com/BruteMors/marketplace-service/cart/vendor-proto/validate/validate.pb.go:3787.11,3788.28 1 0
github.com/BruteMors/marketplace-service/cart/vendor-proto/validate/validate.pb.go:3789.12,3790.15 1 0
github.com/BruteMors/marketplace-service/cart/vendor-proto/validate/validate.pb.go:3793.3,3793.94 1 0
github.com/BruteMors/marketplace-service/cart/vendor-proto/validate/validate.pb.go:3793.94,3794.36 1 0
github.com/BruteMors/marketplace-service/cart/vendor-proto/validate/validate.pb.go:3795.11,3796.20 1 0
github.com/BruteMors/marketplace-service/cart/vendor-proto/validate/validate.pb.go:3797.11,3798.24 1 0
github.com/BruteMors/marketplace-service/cart/vendor-proto/validate/validate.pb.go:3799.11,3800.28 1 0
github.com/BruteMors/marketplace-service/cart/vendor-proto/validate/validate.pb.go:3801.12,3802.15 1 0
github.com/BruteMors/marketplace-service/cart/vendor-proto/validate/validate.pb.go:3805.3,3805.94 1 0
github.com/BruteMors/marketplace-service/cart/vendor-proto/validate/validate.pb.go:3805.94,3806.35 1 0
github.com/BruteMors/marketplace-service/cart/vendor-proto/validate/validate.pb.go:3807.11,3808.20 1 0
github.com/BruteMors/marketplace-service/cart/vendor-proto/validate/validate.pb.go:3809.11,3810.24 1 0
github.com/BruteMors/marketplace-service/cart/vendor-proto/validate/validate.pb.go:3811.11,3812.28 1 0
github.com/BruteMors/marketplace-service/cart/vendor-proto/validate/validate.pb.go:3813.12,3814.15 1 0
github.com/BruteMors/marketplace-service/cart/vendor-proto/validate/validate.pb.go:3817.3,3817.94 1 0
github.com/BruteMors/marketplace-service/cart/vendor-proto/validate/validate.pb.go:3817.94,3818.35 1 0
github.com/BruteMors/marketplace-service/cart/vendor-proto/validate/validate.pb.go:3819.11,3820.20 1 0
github.com/BruteMors/marketplace-service/cart/vendor-proto/validate/validate.pb.go:3821.11,3822.24 1 0
github.com/BruteMors/marketplace-service/cart/vendor-proto/validate/validate.pb.go:3823.11,3824.28 1 0
github.com/BruteMors/marketplace-service/cart/vendor-proto/validate/validate.pb.go:3825.12,3826.15 1 0
github.com/BruteMors/marketplace-service/cart/vendor-proto/validate/validate.pb.go:3829.3,3829.94 1 0
github.com/BruteMors/marketplace-service/cart/vendor-proto/validate/validate.pb.go:3829.94,3830.36 1 0
github.com/BruteMors/marketplace-service/cart/vendor-proto/validate/validate.pb.go:3831.11,3832.20 1 0
github.com/BruteMors/marketplace-service/cart/vendor-proto/validate/validate.pb.go:3833.11,3834.24 1 0
github.com/BruteMors/marketplace-service/cart/vendor-proto/validate/validate.pb.go:3835.11,3836.28 1 0
github.com/BruteMors/marketplace-service/cart/vendor-proto/validate/validate.pb.go:3837.12,3838.15 1 0
github.com/BruteMors/marketplace-service/cart/vendor-proto/validate/validate.pb.go:3841.3,3841.94 1 0
github.com/BruteMors/marketplace-service/cart/vendor-proto/validate/validate.pb.go:3841.94,3842.36 1 0
github.com/BruteMors/marketplace-service/cart/vendor-proto/validate/validate.pb.go:3843.11,3844.20 1 0
github.com/BruteMors/marketplace-service/cart/vendor-proto/validate/validate.pb.go:3845.11,3846.24 1 0
github.com/BruteMors/marketplace-service/cart/vendor-proto/validate/validate.pb.go:3847.11,3848.28 1 0
github.com/BruteMors/marketplace-service/cart/vendor-proto/validate/validate.pb.go:3849.12,3850.15 1 0
github.com/BruteMors/marketplace-service/cart/vendor-proto/validate/validate.pb.go:3853.3,3853.94 1 0
github.com/BruteMors/marketplace-service/cart/vendor-proto/validate/validate.pb.go:3853.94,3854.36 1 0
github.com/BruteMors/marketplace-service/cart/vendor-proto/validate/validate.pb.go:3855.11,3856.20 1 0
github.com/BruteMors/marketplace-service/cart/vendor-proto/validate/validate.pb.go:3857.11,3858.24 1 0
github.com/BruteMors/marketplace-service/cart/vendor-proto/validate/validate.pb.go:3859.11,3860.28 1 0
github.com/BruteMors/marketplace-service/cart/vendor-proto/validate/validate.pb.go:3861.12,3862.15 1 0
github.com/BruteMors/marketplace-service/cart/vendor-proto/validate/validate.pb.go:3865.3,3865.94 1 0
github.com/BruteMors/marketplace-service/cart/vendor-proto/validate/validate.pb.go:3865.94,3866.36 1 0
github.com/BruteMors/marketplace-service/cart/vendor-proto/validate/validate.pb.go:3867.11,3868.20 1 0
github.com/BruteMors/marketplace-service/cart/vendor-proto/validate/validate.pb.go:3869.11,3870.24 1 0
github.com/BruteMors/marketplace-service/cart/vendor-proto/validate/validate.pb.go:3871.11,3872.28 1 0
github.com/BruteMors/marketplace-service/cart/vendor-proto/validate/validate.pb.go:3873.12,3874.15 1 0
github.com/BruteMors/marketplace-service/cart/vendor-proto/validate/validate.pb.go:3877.3,3877.94 1 0
github.com/BruteMors/marketplace-service/cart/vendor-proto/validate/validate.pb.go:3877.94,3878.37 1 0
github.com/BruteMors/marketplace-service/cart/vendor-proto/validate/validate.pb.go:3879.11,3880.20 1 0
github.com/BruteMors/marketplace-service/cart/vendor-proto/validate/validate.pb.go:3881.11,3882.24 1 0
github.com/BruteMors/marketplace-service/cart/vendor-proto/validate/validate.pb.go:3883.11,3884.28 1 0
github.com/BruteMors/marketplace-service/cart/vendor-proto/validate/validate.pb.go:3885.12,3886.15 1 0
github.com/BruteMors/marketplace-service/cart/vendor-proto/validate/validate.pb.go:3889.3,3889.95 1 0
github.com/BruteMors/marketplace-service/cart/vendor-proto/validate/validate.pb.go:3889.95,3890.37 1 0
github.com/BruteMors/marketplace-service/cart/vendor-proto/validate/validate.pb.go:3891.11,3892.20 1 0
github.com/BruteMors/marketplace-service/cart/vendor-proto/validate/validate.pb.go:3893.11,3894.24 1 0
github.com/BruteMors/marketplace-service/cart/vendor-proto/validate/validate.pb.go:3895.11,3896.28 1 0
github.com/BruteMors/marketplace-service/cart/vendor-proto/validate/validate.pb.go:3897.12,3898.15 1 0
github.com/BruteMors/marketplace-service/cart/vendor-proto/validate/validate.pb.go:3901.3,3901.95 1 0
github.com/BruteMors/marketplace-service/cart/vendor-proto/validate/validate.pb.go:3901.95,3902.38 1 0
github.com/BruteMors/marketplace-service/cart/vendor-proto/validate/validate.pb.go:3903.11,3904.20 1 0
github.com/BruteMors/marketplace-service/cart/vendor-proto/validate/validate.pb.go:3905.11,3906.24 1 0
github.com/BruteMors/marketplace-service/cart/vendor-proto/validate/validate.pb.go:3907.11,3908.28 1 0
github.com/BruteMors/marketplace-service/cart/vendor-proto/validate/validate.pb.go:3909.12,3910.15 1 0
github.com/BruteMors/marketplace-service/cart/vendor-proto/validate/validate.pb.go:3913.3,3913.95 1 0
github.com/BruteMors/marketplace-service/cart/vendor-proto/validate/validate.pb.go:3913.95,3914.38 1 0
github.com/BruteMors/marketplace-service/cart/vendor-proto/validate/validate.pb.go:3915.11,3916.20 1 0
github.com/BruteMors/marketplace-service/cart/vendor-proto/validate/validate.pb.go:3917.11,3918.24 1 0
github.com/BruteMors/marketplace-service/cart/vendor-proto/validate/validate.pb.go:3919.11,3920.28 1 0
github.com/BruteMors/marketplace-service/cart/vendor-proto/validate/validate.pb.go:3921.12,3922.15 1 0
github.com/BruteMors/marketplace-service/cart/vendor-proto/validate/validate.pb.go:3925.3,3925.95 1 0
github.com/BruteMors/marketplace-service/cart/vendor-proto/validate/validate.pb.go:3925.95,3926.34 1 0
github.com/BruteMors/marketplace-service/cart/vendor-proto/validate/validate.pb.go:3927.11,3928.20 1 0
github.com/BruteMors/marketplace-service/cart/vendor-proto/validate/validate.pb.go:3929.11,3930.24 1 0
github.com/BruteMors/marketplace-service/cart/vendor-proto/validate/validate.pb.go:3931.11,3932.28 1 0
github.com/BruteMors/marketplace-service/cart/vendor-proto/validate/validate.pb.go:3933.12,3934.15 1 0
github.com/BruteMors/marketplace-service/cart/vendor-proto/validate/validate.pb.go:3937.3,3937.95 1 0
github.com/BruteMors/marketplace-service/cart/vendor-proto/validate/validate.pb.go:3937.95,3938.36 1 0
github.com/BruteMors/marketplace-service/cart/vendor-proto/validate/validate.pb.go:3939.11,3940.20 1 0
github.com/BruteMors/marketplace-service/cart/vendor-proto/validate/validate.pb.go:3941.11,3942.24 1 0
github.com/BruteMors/marketplace-service/cart/vendor-proto/validate/validate.pb.go:3943.11,3944.28 1 0
github.com/BruteMors/marketplace-service/cart/vendor-proto/validate/validate.pb.go:3945.12,3946.15 1 0
github.com/BruteMors/marketplace-service/cart/vendor-proto/validate/validate.pb.go:3949.3,3949.95 1 0
github.com/BruteMors/marketplace-service/cart/vendor-proto/validate/validate.pb.go:3949.95,3950.35 1 0
github.com/BruteMors/marketplace-service/cart/vendor-proto/validate/validate.pb.go:3951.11,3952.20 1 0
github.com/BruteMors/marketplace-service/cart/vendor-proto/validate/validate.pb.go:3953.11,3954.24 1 0
github.com/BruteMors/marketplace-service/cart/vendor-proto/validate/validate.pb.go:3955.11,3956.28 1 0
github.com/BruteMors/marketplace-service/cart/vendor-proto/validate/validate.pb.go:3957.12,3958.15 1 0
github.com/BruteMors/marketplace-service/cart/vendor-proto/validate/validate.pb.go:3961.3,3961.95 1 0
github.com/BruteMors/marketplace-service/cart/vendor-proto/validate/validate.pb.go:3961.95,3962.34 1 0
github.com/BruteMors/marketplace-service/cart/vendor-proto/validate/validate.pb.go:3963.11,3964.20 1 0
github.com/BruteMors/marketplace-service/cart/vendor-proto/validate/validate.pb.go:3965.11,3966.24 1 0
github.com/BruteMors/marketplace-service/cart/vendor-proto/validate/validate.pb.go:3967.11,3968.28 1 0
github.com/BruteMors/marketplace-service/cart/vendor-proto/validate/validate.pb.go:3969.12,3970.15 1 0
github.com/BruteMors/marketplace-service/cart/vendor-proto/validate/validate.pb.go:3973.3,3973.95 1 0
github.com/BruteMors/marketplace-service/cart/vendor-proto/validate/validate.pb.go:3973.95,3974.37 1 0
github.com/BruteMors/marketplace-service/cart/vendor-proto/validate/validate.pb.go:3975.11,3976.20 1 0
github.com/BruteMors/marketplace-service/cart/vendor-proto/validate/validate.pb.go:3977.11,3978.24 1 0
github.com/BruteMors/marketplace-service/cart/vendor-proto/validate/validate.pb.go:3979.11,3980.28 1 0
github.com/BruteMors/marketplace-service/cart/vendor-proto/validate/validate.pb.go:3981.12,3982.15 1 0
github.com/BruteMors/marketplace-service/cart/vendor-proto/validate/validate.pb.go:3985.3,3985.95 1 0
github.com/BruteMors/marketplace-service/cart/vendor-proto/validate/validate.pb.go:3985.95,3986.38 1 0
github.com/BruteMors/marketplace-service/cart/vendor-proto/validate/validate.pb.go:3987.11,3988.20 1 0
github.com/BruteMors/marketplace-service/cart/vendor-proto/validate/validate.pb.go:3989.11,3990.24 1 0
github.com/BruteMors/marketplace-service/cart/vendor-proto/validate/validate.pb.go:3991.11,3992.28 1 0
github.com/BruteMors/marketplace-service/cart/vendor-proto/validate/validate.pb.go:3993.12,3994.15 1 0
github.com/BruteMors/marketplace-service/cart/vendor-proto/validate/validate.pb.go:3997.3,3997.95 1 0
github.com/BruteMors/marketplace-service/cart/vendor-proto/validate/validate.pb.go:3997.95,3998.33 1 0
github.com/BruteMors/marketplace-service/cart/vendor-proto/validate/validate.pb.go:3999.11,4000.20 1 0
github.com/BruteMors/marketplace-service/cart/vendor-proto/validate/validate.pb.go:4001.11,4002.24 1 0
github.com/BruteMors/marketplace-service/cart/vendor-proto/validate/validate.pb.go:4003.11,4004.28 1 0
github.com/BruteMors/marketplace-service/cart/vendor-proto/validate/validate.pb.go:4005.12,4006.15 1 0
github.com/BruteMors/marketplace-service/cart/vendor-proto/validate/validate.pb.go:4009.3,4009.95 1 0
github.com/BruteMors/marketplace-service/cart/vendor-proto/validate/validate.pb.go:4009.95,4010.33 1 0
github.com/BruteMors/marketplace-service/cart/vendor-proto/validate/validate.pb.go:4011.11,4012.20 1 0
github.com/BruteMors/marketplace-service/cart/vendor-proto/validate/validate.pb.go:4013.11,4014.24 1 0
github.com/BruteMors/marketplace-service/cart/vendor-proto/validate/validate.pb.go:4015.11,4016.28 1 0
github.com/BruteMors/marketplace-service/cart/vendor-proto/validate/validate.pb.go:4017.12,4018.15 1 0
github.com/BruteMors/marketplace-service/cart/vendor-proto/validate/validate.pb.go:4021.3,4021.95 1 0
github.com/BruteMors/marketplace-service/cart/vendor-proto/validate/validate.pb.go:4021.95,4022.38 1 0
github.com/BruteMors/marketplace-service/cart/vendor-proto/validate/validate.pb.go:4023.11,4024.20 1 0
github.com/BruteMors/marketplace-service/cart/vendor-proto/validate/validate.pb.go:4025.11,4026.24 1 0
github.com/BruteMors/marketplace-service/cart/vendor-proto/validate/validate.pb.go:4027.11,4028.28 1 0
github.com/BruteMors/marketplace-service/cart/vendor-proto/validate/validate.pb.go:4029.12,4030.15 1 0
github.com/BruteMors/marketplace-service/cart/vendor-proto/validate/validate.pb.go:4033.3,4033.95 1 0
github.com/BruteMors/marketplace-service/cart/vendor-proto/validate/validate.pb.go:4033.95,4034.39 1 0
github.com/BruteMors/marketplace-service/cart/vendor-proto/validate/validate.pb.go:4035.11,4036.20 1 0
github.com/BruteMors/marketplace-service/cart/vendor-proto/validate/validate.pb.go:4037.11,4038.24 1 0
github.com/BruteMors/marketplace-service/cart/vendor-proto/validate/validate.pb.go:4039.11,4040.28 1 0
github.com/BruteMors/marketplace-service/cart/vendor-proto/validate/validate.pb.go:4041.12,4042.15 1 0
github.com/BruteMors/marketplace-service/cart/vendor-proto/validate/validate.pb.go:4046.2,4105.44 9 0
github.com/BruteMors/marketplace-service/cart/internal/models/errors.go:7.31,9.2 1 0
github.com/BruteMors/marketplace-service/cart/internal/models/errors.go:11.37,15.2 1 3
github.com/BruteMors/marketplace-service/cart/internal/repository/inmemory/cart/additem.go:5.92,9.35 3 15
github.com/BruteMors/marketplace-service/cart/internal/repository/inmemory/cart/additem.go:9.35,11.3 1 5
github.com/BruteMors/marketplace-service/cart/internal/repository/inmemory/cart/additem.go:13.2,15.12 2 15
github.com/BruteMors/marketplace-service/cart/internal/repository/inmemory/cart/cart.go:10.34,14.2 1 0
github.com/BruteMors/marketplace-service/cart/internal/repository/inmemory/cart/deleteitem.go:5.85,9.35 3 15
github.com/BruteMors/marketplace-service/cart/internal/repository/inmemory/cart/deleteitem.go:9.35,11.3 1 5
github.com/BruteMors/marketplace-service/cart/internal/repository/inmemory/cart/deleteitem.go:13.2,15.12 2 10
github.com/BruteMors/marketplace-service/cart/internal/repository/inmemory/cart/deleteitems.go:5.81,12.2 4 15
github.com/BruteMors/marketplace-service/cart/internal/repository/inmemory/cart/getcart.go:10.91,14.35 3 15
github.com/BruteMors/marketplace-service/cart/internal/repository/inmemory/cart/getcart.go:14.35,16.3 1 5
github.com/BruteMors/marketplace-service/cart/internal/repository/inmemory/cart/getcart.go:18.2,18.31 1 10
github.com/BruteMors/marketplace-service/cart/internal/repository/inmemory/cart/getcart.go:18.31,20.3 1 5
github.com/BruteMors/marketplace-service/cart/internal/repository/inmemory/cart/getcart.go:22.2,24.44 2 5
github.com/BruteMors/marketplace-service/cart/internal/repository/inmemory/cart/getcart.go:24.44,29.3 1 10
github.com/BruteMors/marketplace-service/cart/internal/repository/inmemory/cart/getcart.go:31.2,31.19 1 5
github.com/BruteMors/marketplace-service/cart/internal/models/errors.go:7.31,9.2 1 50
github.com/BruteMors/marketplace-service/cart/internal/models/errors.go:11.37,15.2 1 3
github.com/BruteMors/marketplace-service/cart/internal/service/cart/additem.go:11.95,13.16 2 30
github.com/BruteMors/marketplace-service/cart/internal/service/cart/additem.go:13.16,14.52 1 10
github.com/BruteMors/marketplace-service/cart/internal/service/cart/additem.go:14.52,16.4 1 5
github.com/BruteMors/marketplace-service/cart/internal/service/cart/additem.go:17.3,17.13 1 5
github.com/BruteMors/marketplace-service/cart/internal/service/cart/additem.go:20.2,21.16 2 20
github.com/BruteMors/marketplace-service/cart/internal/service/cart/additem.go:21.16,23.3 1 5
github.com/BruteMors/marketplace-service/cart/internal/service/cart/additem.go:25.2,25.32 1 15
github.com/BruteMors/marketplace-service/cart/internal/service/cart/additem.go:25.32,27.3 1 5
github.com/BruteMors/marketplace-service/cart/internal/service/cart/additem.go:29.2,30.16 2 10
github.com/BruteMors/marketplace-service/cart/internal/service/cart/additem.go:30.16,32.3 1 5
github.com/BruteMors/marketplace-service/cart/internal/service/cart/additem.go:34.2,34.12 1 5
github.com/BruteMors/marketplace-service/cart/internal/service/cart/cart.go:41.12,47.2 1 0
github.com/BruteMors/marketplace-service/cart/internal/service/cart/checkout.go:12.90,14.16 2 25
github.com/BruteMors/marketplace-service/cart/internal/service/cart/checkout.go:14.16,15.92 1 10
github.com/BruteMors/marketplace-service/cart/internal/service/cart/checkout.go:15.92,17.4 1 5
github.com/BruteMors/marketplace-service/cart/internal/service/cart/checkout.go:18.3,18.16 1 5
github.com/BruteMors/marketplace-service/cart/internal/service/cart/checkout.go:21.2,23.28 2 15
github.com/BruteMors/marketplace-service/cart/internal/service/cart/checkout.go:23.28,28.3 1 20
github.com/BruteMors/marketplace-service/cart/internal/service/cart/checkout.go:30.2,34.16 2 15
github.com/BruteMors/marketplace-service/cart/internal/service/cart/checkout.go:34.16,36.3 1 5
github.com/BruteMors/marketplace-service/cart/internal/service/cart/checkout.go:38.2,39.16 2 10
github.com/BruteMors/marketplace-service/cart/internal/service/cart/checkout.go:39.16,41.3 1 5
github.com/BruteMors/marketplace-service/cart/internal/service/cart/checkout.go:43.2,43.21 1 5
github.com/BruteMors/marketplace-service/cart/internal/service/cart/deleteitem.go:7.84,9.2 1 10
github.com/BruteMors/marketplace-service/cart/internal/service/cart/deleteitems.go:7.80,9.2 1 15
github.com/BruteMors/marketplace-service/cart/internal/service/cart/getcart.go:13.84,15.16 2 25
github.com/BruteMors/marketplace-service/cart/internal/service/cart/getcart.go:15.16,16.92 1 10
github.com/BruteMors/marketplace-service/cart/internal/service/cart/getcart.go:16.92,18.4 1 5
github.com/BruteMors/marketplace-service/cart/internal/service/cart/getcart.go:19.3,19.18 1 5
github.com/BruteMors/marketplace-service/cart/internal/service/cart/getcart.go:22.2,24.34 2 15
github.com/BruteMors/marketplace-service/cart/internal/service/cart/getcart.go:24.34,26.17 2 20
github.com/BruteMors/marketplace-service/cart/internal/service/cart/getcart.go:26.17,27.53 1 10
github.com/BruteMors/marketplace-service/cart/internal/service/cart/getcart.go:27.53,29.5 1 5
github.com/BruteMors/marketplace-service/cart/internal/service/cart/getcart.go:30.4,30.19 1 5
github.com/BruteMors/marketplace-service/cart/internal/service/cart/getcart.go:33.3,37.5 1 10
github.com/BruteMors/marketplace-service/cart/internal/service/cart/getcart.go:40.2,40.40 1 5
github.com/BruteMors/marketplace-service/cart/internal/service/cart/getcart.go:40.40,42.3 1 5
github.com/BruteMors/marketplace-service/cart/internal/service/cart/getcart.go:44.2,47.8 1 5
github.com/BruteMors/marketplace-service/cart/internal/service/cart/getcart.go:51.67,53.29 2 20
github.com/BruteMors/marketplace-service/cart/internal/service/cart/getcart.go:53.29,55.3 1 25
github.com/BruteMors/marketplace-service/cart/internal/service/cart/getcart.go:56.2,56.19 1 20
